2023-05-01 06:10:16 Notice: Deprecated (16384): Using key `action` is deprecated, use `url` directly instead. in [/Applications/XAMPP/xamppfiles/htdocs/messageboard/lib/Cake/View/Helper/FormHelper.php, line 383]
Trace:
ErrorHandler::handleError() - CORE/Cake/Error/ErrorHandler.php, line 230
FormHelper::create() - CORE/Cake/View/Helper/FormHelper.php, line 383
include - APP/View/Users/edit.ctp, line 11
View::_evaluate() - CORE/Cake/View/View.php, line 971
View::_render() - CORE/Cake/View/View.php, line 933
View::render() - CORE/Cake/View/View.php, line 473
Controller::render() - CORE/Cake/Controller/Controller.php, line 968
Dispatcher::_invoke() - CORE/Cake/Routing/Dispatcher.php, line 200
Dispatcher::dispatch() - CORE/Cake/Routing/Dispatcher.php, line 167
[main] - APP/webroot/index.php, line 117

2023-05-01 06:10:35 Notice: Notice (8): Undefined index: Users in [/Applications/XAMPP/xamppfiles/htdocs/messageboard/app/Controller/UsersController.php, line 101]
Trace:
ErrorHandler::handleError() - CORE/Cake/Error/ErrorHandler.php, line 230
UsersController::edit() - APP/Controller/UsersController.php, line 101
ReflectionMethod::invokeArgs() - [internal], line ??
Controller::invokeAction() - CORE/Cake/Controller/Controller.php, line 499
Dispatcher::_invoke() - CORE/Cake/Routing/Dispatcher.php, line 193
Dispatcher::dispatch() - CORE/Cake/Routing/Dispatcher.php, line 167
[main] - APP/webroot/index.php, line 117

2023-05-01 06:10:35 Notice: Notice (8): Trying to access array offset on value of type null in [/Applications/XAMPP/xamppfiles/htdocs/messageboard/app/Controller/UsersController.php, line 101]
Trace:
ErrorHandler::handleError() - CORE/Cake/Error/ErrorHandler.php, line 230
UsersController::edit() - APP/Controller/UsersController.php, line 101
ReflectionMethod::invokeArgs() - [internal], line ??
Controller::invokeAction() - CORE/Cake/Controller/Controller.php, line 499
Dispatcher::_invoke() - CORE/Cake/Routing/Dispatcher.php, line 193
Dispatcher::dispatch() - CORE/Cake/Routing/Dispatcher.php, line 167
[main] - APP/webroot/index.php, line 117

2023-05-01 06:25:38 Notice: Deprecated (16384): Using key `action` is deprecated, use `url` directly instead. in [/Applications/XAMPP/xamppfiles/htdocs/messageboard/lib/Cake/View/Helper/FormHelper.php, line 383]
Trace:
ErrorHandler::handleError() - CORE/Cake/Error/ErrorHandler.php, line 230
FormHelper::create() - CORE/Cake/View/Helper/FormHelper.php, line 383
include - APP/View/Users/login.ctp, line 11
View::_evaluate() - CORE/Cake/View/View.php, line 971
View::_render() - CORE/Cake/View/View.php, line 933
View::render() - CORE/Cake/View/View.php, line 473
Controller::render() - CORE/Cake/Controller/Controller.php, line 968
Dispatcher::_invoke() - CORE/Cake/Routing/Dispatcher.php, line 200
Dispatcher::dispatch() - CORE/Cake/Routing/Dispatcher.php, line 167
[main] - APP/webroot/index.php, line 117

2023-05-01 06:25:39 Notice: Deprecated (16384): Using key `action` is deprecated, use `url` directly instead. in [/Applications/XAMPP/xamppfiles/htdocs/messageboard/lib/Cake/View/Helper/FormHelper.php, line 383]
Trace:
ErrorHandler::handleError() - CORE/Cake/Error/ErrorHandler.php, line 230
FormHelper::create() - CORE/Cake/View/Helper/FormHelper.php, line 383
include - APP/View/Users/create.ctp, line 10
View::_evaluate() - CORE/Cake/View/View.php, line 971
View::_render() - CORE/Cake/View/View.php, line 933
View::render() - CORE/Cake/View/View.php, line 473
Controller::render() - CORE/Cake/Controller/Controller.php, line 968
Dispatcher::_invoke() - CORE/Cake/Routing/Dispatcher.php, line 200
Dispatcher::dispatch() - CORE/Cake/Routing/Dispatcher.php, line 167
[main] - APP/webroot/index.php, line 117

2023-05-01 06:25:52 Notice: Deprecated (16384): Using key `action` is deprecated, use `url` directly instead. in [/Applications/XAMPP/xamppfiles/htdocs/messageboard/lib/Cake/View/Helper/FormHelper.php, line 383]
Trace:
ErrorHandler::handleError() - CORE/Cake/Error/ErrorHandler.php, line 230
FormHelper::create() - CORE/Cake/View/Helper/FormHelper.php, line 383
include - APP/View/Users/login.ctp, line 11
View::_evaluate() - CORE/Cake/View/View.php, line 971
View::_render() - CORE/Cake/View/View.php, line 933
View::render() - CORE/Cake/View/View.php, line 473
Controller::render() - CORE/Cake/Controller/Controller.php, line 968
Dispatcher::_invoke() - CORE/Cake/Routing/Dispatcher.php, line 200
Dispatcher::dispatch() - CORE/Cake/Routing/Dispatcher.php, line 167
[main] - APP/webroot/index.php, line 117

2023-05-01 06:25:54 Notice: Deprecated (16384): Using key `action` is deprecated, use `url` directly instead. in [/Applications/XAMPP/xamppfiles/htdocs/messageboard/lib/Cake/View/Helper/FormHelper.php, line 383]
Trace:
ErrorHandler::handleError() - CORE/Cake/Error/ErrorHandler.php, line 230
FormHelper::create() - CORE/Cake/View/Helper/FormHelper.php, line 383
include - APP/View/Users/create.ctp, line 10
View::_evaluate() - CORE/Cake/View/View.php, line 971
View::_render() - CORE/Cake/View/View.php, line 933
View::render() - CORE/Cake/View/View.php, line 473
Controller::render() - CORE/Cake/Controller/Controller.php, line 968
Dispatcher::_invoke() - CORE/Cake/Routing/Dispatcher.php, line 200
Dispatcher::dispatch() - CORE/Cake/Routing/Dispatcher.php, line 167
[main] - APP/webroot/index.php, line 117

2023-05-01 06:26:15 Notice: Deprecated (16384): Using key `action` is deprecated, use `url` directly instead. in [/Applications/XAMPP/xamppfiles/htdocs/messageboard/lib/Cake/View/Helper/FormHelper.php, line 383]
Trace:
ErrorHandler::handleError() - CORE/Cake/Error/ErrorHandler.php, line 230
FormHelper::create() - CORE/Cake/View/Helper/FormHelper.php, line 383
include - APP/View/Users/login.ctp, line 11
View::_evaluate() - CORE/Cake/View/View.php, line 971
View::_render() - CORE/Cake/View/View.php, line 933
View::render() - CORE/Cake/View/View.php, line 473
Controller::render() - CORE/Cake/Controller/Controller.php, line 968
Dispatcher::_invoke() - CORE/Cake/Routing/Dispatcher.php, line 200
Dispatcher::dispatch() - CORE/Cake/Routing/Dispatcher.php, line 167
[main] - APP/webroot/index.php, line 117

2023-05-01 06:33:39 Notice: Deprecated (16384): Using key `action` is deprecated, use `url` directly instead. in [/Applications/XAMPP/xamppfiles/htdocs/messageboard/lib/Cake/View/Helper/FormHelper.php, line 383]
Trace:
ErrorHandler::handleError() - CORE/Cake/Error/ErrorHandler.php, line 230
FormHelper::create() - CORE/Cake/View/Helper/FormHelper.php, line 383
include - APP/View/Users/login.ctp, line 11
View::_evaluate() - CORE/Cake/View/View.php, line 971
View::_render() - CORE/Cake/View/View.php, line 933
View::render() - CORE/Cake/View/View.php, line 473
Controller::render() - CORE/Cake/Controller/Controller.php, line 968
Dispatcher::_invoke() - CORE/Cake/Routing/Dispatcher.php, line 200
Dispatcher::dispatch() - CORE/Cake/Routing/Dispatcher.php, line 167
[main] - APP/webroot/index.php, line 117

2023-05-01 06:47:27 Notice: Deprecated (16384): Using key `action` is deprecated, use `url` directly instead. in [/Applications/XAMPP/xamppfiles/htdocs/messageboard/lib/Cake/View/Helper/FormHelper.php, line 383]
Trace:
ErrorHandler::handleError() - CORE/Cake/Error/ErrorHandler.php, line 230
FormHelper::create() - CORE/Cake/View/Helper/FormHelper.php, line 383
include - APP/View/Users/login.ctp, line 11
View::_evaluate() - CORE/Cake/View/View.php, line 971
View::_render() - CORE/Cake/View/View.php, line 933
View::render() - CORE/Cake/View/View.php, line 473
Controller::render() - CORE/Cake/Controller/Controller.php, line 968
Dispatcher::_invoke() - CORE/Cake/Routing/Dispatcher.php, line 200
Dispatcher::dispatch() - CORE/Cake/Routing/Dispatcher.php, line 167
[main] - APP/webroot/index.php, line 117

2023-05-01 06:47:39 Notice: Deprecated (16384): Using key `action` is deprecated, use `url` directly instead. in [/Applications/XAMPP/xamppfiles/htdocs/messageboard/lib/Cake/View/Helper/FormHelper.php, line 383]
Trace:
ErrorHandler::handleError() - CORE/Cake/Error/ErrorHandler.php, line 230
FormHelper::create() - CORE/Cake/View/Helper/FormHelper.php, line 383
include - APP/View/Users/edit.ctp, line 11
View::_evaluate() - CORE/Cake/View/View.php, line 971
View::_render() - CORE/Cake/View/View.php, line 933
View::render() - CORE/Cake/View/View.php, line 473
Controller::render() - CORE/Cake/Controller/Controller.php, line 968
Dispatcher::_invoke() - CORE/Cake/Routing/Dispatcher.php, line 200
Dispatcher::dispatch() - CORE/Cake/Routing/Dispatcher.php, line 167
[main] - APP/webroot/index.php, line 117

2023-05-01 06:47:44 Notice: Notice (8): Undefined index: Users in [/Applications/XAMPP/xamppfiles/htdocs/messageboard/app/Controller/UsersController.php, line 101]
Trace:
ErrorHandler::handleError() - CORE/Cake/Error/ErrorHandler.php, line 230
UsersController::edit() - APP/Controller/UsersController.php, line 101
ReflectionMethod::invokeArgs() - [internal], line ??
Controller::invokeAction() - CORE/Cake/Controller/Controller.php, line 499
Dispatcher::_invoke() - CORE/Cake/Routing/Dispatcher.php, line 193
Dispatcher::dispatch() - CORE/Cake/Routing/Dispatcher.php, line 167
[main] - APP/webroot/index.php, line 117

2023-05-01 06:47:44 Notice: Notice (8): Trying to access array offset on value of type null in [/Applications/XAMPP/xamppfiles/htdocs/messageboard/app/Controller/UsersController.php, line 101]
Trace:
ErrorHandler::handleError() - CORE/Cake/Error/ErrorHandler.php, line 230
UsersController::edit() - APP/Controller/UsersController.php, line 101
ReflectionMethod::invokeArgs() - [internal], line ??
Controller::invokeAction() - CORE/Cake/Controller/Controller.php, line 499
Dispatcher::_invoke() - CORE/Cake/Routing/Dispatcher.php, line 193
Dispatcher::dispatch() - CORE/Cake/Routing/Dispatcher.php, line 167
[main] - APP/webroot/index.php, line 117

2023-05-01 07:09:41 Notice: Deprecated (16384): Using key `action` is deprecated, use `url` directly instead. in [/Applications/XAMPP/xamppfiles/htdocs/messageboard/lib/Cake/View/Helper/FormHelper.php, line 383]
Trace:
ErrorHandler::handleError() - CORE/Cake/Error/ErrorHandler.php, line 230
FormHelper::create() - CORE/Cake/View/Helper/FormHelper.php, line 383
include - APP/View/Users/login.ctp, line 11
View::_evaluate() - CORE/Cake/View/View.php, line 971
View::_render() - CORE/Cake/View/View.php, line 933
View::render() - CORE/Cake/View/View.php, line 473
Controller::render() - CORE/Cake/Controller/Controller.php, line 968
Dispatcher::_invoke() - CORE/Cake/Routing/Dispatcher.php, line 200
Dispatcher::dispatch() - CORE/Cake/Routing/Dispatcher.php, line 167
[main] - APP/webroot/index.php, line 117

