2023-05-01 06:03:08 Error: [MissingTableException] Table conversations for model Conversation was not found in datasource default.
Exception Attributes: array (
  'table' => 'conversations',
  'class' => 'Conversation',
  'ds' => 'default',
)
Request URL: /message
Stack Trace:
#0 /Applications/XAMPP/xamppfiles/htdocs/messageboard/lib/Cake/Model/Model.php(3686): Model->setSource('conversations')
#1 /Applications/XAMPP/xamppfiles/htdocs/messageboard/lib/Cake/Model/Model.php(3053): Model->getDataSource()
#2 /Applications/XAMPP/xamppfiles/htdocs/messageboard/lib/Cake/Model/Model.php(3025): Model->_readDataSource('all', Array)
#3 /Applications/XAMPP/xamppfiles/htdocs/messageboard/app/Controller/MessagesController.php(11): Model->find('all')
#4 [internal function]: MessagesController->index()
#5 /Applications/XAMPP/xamppfiles/htdocs/messageboard/lib/Cake/Controller/Controller.php(499): ReflectionMethod->invokeArgs(Object(MessagesController), Array)
#6 /Applications/XAMPP/xamppfiles/htdocs/messageboard/lib/Cake/Routing/Dispatcher.php(193): Controller->invokeAction(Object(CakeRequest))
#7 /Applications/XAMPP/xamppfiles/htdocs/messageboard/lib/Cake/Routing/Dispatcher.php(167): Dispatcher->_invoke(Object(MessagesController), Object(CakeRequest))
#8 /Applications/XAMPP/xamppfiles/htdocs/messageboard/app/webroot/index.php(117): Dispatcher->dispatch(Object(CakeRequest), Object(CakeResponse))
#9 {main}
2023-05-01 06:03:08 Error: [MissingControllerException] Controller class CssController could not be found.
Exception Attributes: array (
  'class' => 'CssController',
  'plugin' => NULL,
)
Request URL: /css/bootstrap.min.css.map
Stack Trace:
#0 /Applications/XAMPP/xamppfiles/htdocs/messageboard/app/webroot/index.php(117): Dispatcher->dispatch(Object(CakeRequest), Object(CakeResponse))
#1 {main}
2023-05-01 06:03:08 Error: [MissingControllerException] Controller class JsController could not be found.
Exception Attributes: array (
  'class' => 'JsController',
  'plugin' => NULL,
)
Request URL: /js/bootstrap.min.js.map
Stack Trace:
#0 /Applications/XAMPP/xamppfiles/htdocs/messageboard/app/webroot/index.php(117): Dispatcher->dispatch(Object(CakeRequest), Object(CakeResponse))
#1 {main}
2023-05-01 06:03:08 Error: [MissingControllerException] Controller class JsController could not be found.
Exception Attributes: array (
  'class' => 'JsController',
  'plugin' => NULL,
)
Request URL: /js/popper.min.js.map
Stack Trace:
#0 /Applications/XAMPP/xamppfiles/htdocs/messageboard/app/webroot/index.php(117): Dispatcher->dispatch(Object(CakeRequest), Object(CakeResponse))
#1 {main}
2023-05-01 06:04:07 Error: [MissingTableException] Table conversations for model Conversation was not found in datasource default.
Exception Attributes: array (
  'table' => 'conversations',
  'class' => 'Conversation',
  'ds' => 'default',
)
Request URL: /message
Stack Trace:
#0 /Applications/XAMPP/xamppfiles/htdocs/messageboard/lib/Cake/Model/Model.php(3686): Model->setSource('conversations')
#1 /Applications/XAMPP/xamppfiles/htdocs/messageboard/lib/Cake/Model/Model.php(3053): Model->getDataSource()
#2 /Applications/XAMPP/xamppfiles/htdocs/messageboard/lib/Cake/Model/Model.php(3025): Model->_readDataSource('all', Array)
#3 /Applications/XAMPP/xamppfiles/htdocs/messageboard/app/Controller/MessagesController.php(11): Model->find('all')
#4 [internal function]: MessagesController->index()
#5 /Applications/XAMPP/xamppfiles/htdocs/messageboard/lib/Cake/Controller/Controller.php(499): ReflectionMethod->invokeArgs(Object(MessagesController), Array)
#6 /Applications/XAMPP/xamppfiles/htdocs/messageboard/lib/Cake/Routing/Dispatcher.php(193): Controller->invokeAction(Object(CakeRequest))
#7 /Applications/XAMPP/xamppfiles/htdocs/messageboard/lib/Cake/Routing/Dispatcher.php(167): Dispatcher->_invoke(Object(MessagesController), Object(CakeRequest))
#8 /Applications/XAMPP/xamppfiles/htdocs/messageboard/app/webroot/index.php(117): Dispatcher->dispatch(Object(CakeRequest), Object(CakeResponse))
#9 {main}
2023-05-01 06:04:07 Error: [MissingControllerException] Controller class CssController could not be found.
Exception Attributes: array (
  'class' => 'CssController',
  'plugin' => NULL,
)
Request URL: /css/bootstrap.min.css.map
Stack Trace:
#0 /Applications/XAMPP/xamppfiles/htdocs/messageboard/app/webroot/index.php(117): Dispatcher->dispatch(Object(CakeRequest), Object(CakeResponse))
#1 {main}
2023-05-01 06:04:07 Error: [MissingControllerException] Controller class JsController could not be found.
Exception Attributes: array (
  'class' => 'JsController',
  'plugin' => NULL,
)
Request URL: /js/bootstrap.min.js.map
Stack Trace:
#0 /Applications/XAMPP/xamppfiles/htdocs/messageboard/app/webroot/index.php(117): Dispatcher->dispatch(Object(CakeRequest), Object(CakeResponse))
#1 {main}
2023-05-01 06:04:07 Error: [MissingControllerException] Controller class JsController could not be found.
Exception Attributes: array (
  'class' => 'JsController',
  'plugin' => NULL,
)
Request URL: /js/popper.min.js.map
Stack Trace:
#0 /Applications/XAMPP/xamppfiles/htdocs/messageboard/app/webroot/index.php(117): Dispatcher->dispatch(Object(CakeRequest), Object(CakeResponse))
#1 {main}
2023-05-01 06:04:16 Error: [MissingControllerException] Controller class CssController could not be found.
Exception Attributes: array (
  'class' => 'CssController',
  'plugin' => NULL,
)
Request URL: /css/bootstrap.min.css.map
Stack Trace:
#0 /Applications/XAMPP/xamppfiles/htdocs/messageboard/app/webroot/index.php(117): Dispatcher->dispatch(Object(CakeRequest), Object(CakeResponse))
#1 {main}
2023-05-01 06:04:16 Error: [MissingControllerException] Controller class JsController could not be found.
Exception Attributes: array (
  'class' => 'JsController',
  'plugin' => NULL,
)
Request URL: /js/popper.min.js.map
Stack Trace:
#0 /Applications/XAMPP/xamppfiles/htdocs/messageboard/app/webroot/index.php(117): Dispatcher->dispatch(Object(CakeRequest), Object(CakeResponse))
#1 {main}
2023-05-01 06:04:16 Error: [MissingControllerException] Controller class JsController could not be found.
Exception Attributes: array (
  'class' => 'JsController',
  'plugin' => NULL,
)
Request URL: /js/bootstrap.min.js.map
Stack Trace:
#0 /Applications/XAMPP/xamppfiles/htdocs/messageboard/app/webroot/index.php(117): Dispatcher->dispatch(Object(CakeRequest), Object(CakeResponse))
#1 {main}
2023-05-01 06:10:14 Error: [MissingControllerException] Controller class CssController could not be found.
Exception Attributes: array (
  'class' => 'CssController',
  'plugin' => NULL,
)
Request URL: /css/bootstrap.min.css.map
Stack Trace:
#0 /Applications/XAMPP/xamppfiles/htdocs/messageboard/app/webroot/index.php(117): Dispatcher->dispatch(Object(CakeRequest), Object(CakeResponse))
#1 {main}
2023-05-01 06:10:14 Error: [MissingControllerException] Controller class JsController could not be found.
Exception Attributes: array (
  'class' => 'JsController',
  'plugin' => NULL,
)
Request URL: /js/bootstrap.min.js.map
Stack Trace:
#0 /Applications/XAMPP/xamppfiles/htdocs/messageboard/app/webroot/index.php(117): Dispatcher->dispatch(Object(CakeRequest), Object(CakeResponse))
#1 {main}
2023-05-01 06:10:14 Error: [MissingControllerException] Controller class JsController could not be found.
Exception Attributes: array (
  'class' => 'JsController',
  'plugin' => NULL,
)
Request URL: /js/popper.min.js.map
Stack Trace:
#0 /Applications/XAMPP/xamppfiles/htdocs/messageboard/app/webroot/index.php(117): Dispatcher->dispatch(Object(CakeRequest), Object(CakeResponse))
#1 {main}
2023-05-01 06:10:16 Warning: Warning (2): date_format() expects parameter 1 to be DateTimeInterface, null given in [/Applications/XAMPP/xamppfiles/htdocs/messageboard/app/View/Users/edit.ctp, line 66]
Trace:
ErrorHandler::handleError() - CORE/Cake/Error/ErrorHandler.php, line 230
date_format - [internal], line ??
include - APP/View/Users/edit.ctp, line 66
View::_evaluate() - CORE/Cake/View/View.php, line 971
View::_render() - CORE/Cake/View/View.php, line 933
View::render() - CORE/Cake/View/View.php, line 473
Controller::render() - CORE/Cake/Controller/Controller.php, line 968
Dispatcher::_invoke() - CORE/Cake/Routing/Dispatcher.php, line 200
Dispatcher::dispatch() - CORE/Cake/Routing/Dispatcher.php, line 167
[main] - APP/webroot/index.php, line 117

2023-05-01 06:10:16 Error: [MissingControllerException] Controller class CssController could not be found.
Exception Attributes: array (
  'class' => 'CssController',
  'plugin' => NULL,
)
Request URL: /css/bootstrap.min.css.map
Stack Trace:
#0 /Applications/XAMPP/xamppfiles/htdocs/messageboard/app/webroot/index.php(117): Dispatcher->dispatch(Object(CakeRequest), Object(CakeResponse))
#1 {main}
2023-05-01 06:10:16 Error: [MissingControllerException] Controller class JsController could not be found.
Exception Attributes: array (
  'class' => 'JsController',
  'plugin' => NULL,
)
Request URL: /js/popper.min.js.map
Stack Trace:
#0 /Applications/XAMPP/xamppfiles/htdocs/messageboard/app/webroot/index.php(117): Dispatcher->dispatch(Object(CakeRequest), Object(CakeResponse))
#1 {main}
2023-05-01 06:10:16 Error: [MissingControllerException] Controller class JsController could not be found.
Exception Attributes: array (
  'class' => 'JsController',
  'plugin' => NULL,
)
Request URL: /js/bootstrap.min.js.map
Stack Trace:
#0 /Applications/XAMPP/xamppfiles/htdocs/messageboard/app/webroot/index.php(117): Dispatcher->dispatch(Object(CakeRequest), Object(CakeResponse))
#1 {main}
2023-05-01 06:10:35 Error: [MissingControllerException] Controller class CssController could not be found.
Exception Attributes: array (
  'class' => 'CssController',
  'plugin' => NULL,
)
Request URL: /css/bootstrap.min.css.map
Stack Trace:
#0 /Applications/XAMPP/xamppfiles/htdocs/messageboard/app/webroot/index.php(117): Dispatcher->dispatch(Object(CakeRequest), Object(CakeResponse))
#1 {main}
2023-05-01 06:10:35 Error: [MissingControllerException] Controller class JsController could not be found.
Exception Attributes: array (
  'class' => 'JsController',
  'plugin' => NULL,
)
Request URL: /js/popper.min.js.map
Stack Trace:
#0 /Applications/XAMPP/xamppfiles/htdocs/messageboard/app/webroot/index.php(117): Dispatcher->dispatch(Object(CakeRequest), Object(CakeResponse))
#1 {main}
2023-05-01 06:10:35 Error: [MissingControllerException] Controller class JsController could not be found.
Exception Attributes: array (
  'class' => 'JsController',
  'plugin' => NULL,
)
Request URL: /js/bootstrap.min.js.map
Stack Trace:
#0 /Applications/XAMPP/xamppfiles/htdocs/messageboard/app/webroot/index.php(117): Dispatcher->dispatch(Object(CakeRequest), Object(CakeResponse))
#1 {main}
2023-05-01 06:10:39 Error: [MissingControllerException] Controller class CssController could not be found.
Exception Attributes: array (
  'class' => 'CssController',
  'plugin' => NULL,
)
Request URL: /css/bootstrap.min.css.map
Stack Trace:
#0 /Applications/XAMPP/xamppfiles/htdocs/messageboard/app/webroot/index.php(117): Dispatcher->dispatch(Object(CakeRequest), Object(CakeResponse))
#1 {main}
2023-05-01 06:10:39 Error: [MissingControllerException] Controller class JsController could not be found.
Exception Attributes: array (
  'class' => 'JsController',
  'plugin' => NULL,
)
Request URL: /js/popper.min.js.map
Stack Trace:
#0 /Applications/XAMPP/xamppfiles/htdocs/messageboard/app/webroot/index.php(117): Dispatcher->dispatch(Object(CakeRequest), Object(CakeResponse))
#1 {main}
2023-05-01 06:10:39 Error: [MissingControllerException] Controller class JsController could not be found.
Exception Attributes: array (
  'class' => 'JsController',
  'plugin' => NULL,
)
Request URL: /js/bootstrap.min.js.map
Stack Trace:
#0 /Applications/XAMPP/xamppfiles/htdocs/messageboard/app/webroot/index.php(117): Dispatcher->dispatch(Object(CakeRequest), Object(CakeResponse))
#1 {main}
2023-05-01 06:25:38 Error: [MissingControllerException] Controller class CssController could not be found.
Exception Attributes: array (
  'class' => 'CssController',
  'plugin' => NULL,
)
Request URL: /css/bootstrap.min.css.map
Stack Trace:
#0 /Applications/XAMPP/xamppfiles/htdocs/messageboard/app/webroot/index.php(117): Dispatcher->dispatch(Object(CakeRequest), Object(CakeResponse))
#1 {main}
2023-05-01 06:25:38 Error: [MissingControllerException] Controller class JsController could not be found.
Exception Attributes: array (
  'class' => 'JsController',
  'plugin' => NULL,
)
Request URL: /js/bootstrap.min.js.map
Stack Trace:
#0 /Applications/XAMPP/xamppfiles/htdocs/messageboard/app/webroot/index.php(117): Dispatcher->dispatch(Object(CakeRequest), Object(CakeResponse))
#1 {main}
2023-05-01 06:25:38 Error: [MissingControllerException] Controller class JsController could not be found.
Exception Attributes: array (
  'class' => 'JsController',
  'plugin' => NULL,
)
Request URL: /js/popper.min.js.map
Stack Trace:
#0 /Applications/XAMPP/xamppfiles/htdocs/messageboard/app/webroot/index.php(117): Dispatcher->dispatch(Object(CakeRequest), Object(CakeResponse))
#1 {main}
2023-05-01 06:25:39 Error: [MissingControllerException] Controller class CssController could not be found.
Exception Attributes: array (
  'class' => 'CssController',
  'plugin' => NULL,
)
Request URL: /css/bootstrap.min.css.map
Stack Trace:
#0 /Applications/XAMPP/xamppfiles/htdocs/messageboard/app/webroot/index.php(117): Dispatcher->dispatch(Object(CakeRequest), Object(CakeResponse))
#1 {main}
2023-05-01 06:25:39 Error: [MissingControllerException] Controller class JsController could not be found.
Exception Attributes: array (
  'class' => 'JsController',
  'plugin' => NULL,
)
Request URL: /js/popper.min.js.map
Stack Trace:
#0 /Applications/XAMPP/xamppfiles/htdocs/messageboard/app/webroot/index.php(117): Dispatcher->dispatch(Object(CakeRequest), Object(CakeResponse))
#1 {main}
2023-05-01 06:25:39 Error: [MissingControllerException] Controller class JsController could not be found.
Exception Attributes: array (
  'class' => 'JsController',
  'plugin' => NULL,
)
Request URL: /js/bootstrap.min.js.map
Stack Trace:
#0 /Applications/XAMPP/xamppfiles/htdocs/messageboard/app/webroot/index.php(117): Dispatcher->dispatch(Object(CakeRequest), Object(CakeResponse))
#1 {main}
2023-05-01 06:25:48 Error: [MissingControllerException] Controller class CssController could not be found.
Exception Attributes: array (
  'class' => 'CssController',
  'plugin' => NULL,
)
Request URL: /css/bootstrap.min.css.map
Stack Trace:
#0 /Applications/XAMPP/xamppfiles/htdocs/messageboard/app/webroot/index.php(117): Dispatcher->dispatch(Object(CakeRequest), Object(CakeResponse))
#1 {main}
2023-05-01 06:25:48 Error: [MissingControllerException] Controller class JsController could not be found.
Exception Attributes: array (
  'class' => 'JsController',
  'plugin' => NULL,
)
Request URL: /js/popper.min.js.map
Stack Trace:
#0 /Applications/XAMPP/xamppfiles/htdocs/messageboard/app/webroot/index.php(117): Dispatcher->dispatch(Object(CakeRequest), Object(CakeResponse))
#1 {main}
2023-05-01 06:25:48 Error: [MissingControllerException] Controller class JsController could not be found.
Exception Attributes: array (
  'class' => 'JsController',
  'plugin' => NULL,
)
Request URL: /js/bootstrap.min.js.map
Stack Trace:
#0 /Applications/XAMPP/xamppfiles/htdocs/messageboard/app/webroot/index.php(117): Dispatcher->dispatch(Object(CakeRequest), Object(CakeResponse))
#1 {main}
2023-05-01 06:25:49 Error: [MissingControllerException] Controller class CssController could not be found.
Exception Attributes: array (
  'class' => 'CssController',
  'plugin' => NULL,
)
Request URL: /css/bootstrap.min.css.map
Stack Trace:
#0 /Applications/XAMPP/xamppfiles/htdocs/messageboard/app/webroot/index.php(117): Dispatcher->dispatch(Object(CakeRequest), Object(CakeResponse))
#1 {main}
2023-05-01 06:25:49 Error: [MissingControllerException] Controller class JsController could not be found.
Exception Attributes: array (
  'class' => 'JsController',
  'plugin' => NULL,
)
Request URL: /js/popper.min.js.map
Stack Trace:
#0 /Applications/XAMPP/xamppfiles/htdocs/messageboard/app/webroot/index.php(117): Dispatcher->dispatch(Object(CakeRequest), Object(CakeResponse))
#1 {main}
2023-05-01 06:25:49 Error: [MissingControllerException] Controller class JsController could not be found.
Exception Attributes: array (
  'class' => 'JsController',
  'plugin' => NULL,
)
Request URL: /js/bootstrap.min.js.map
Stack Trace:
#0 /Applications/XAMPP/xamppfiles/htdocs/messageboard/app/webroot/index.php(117): Dispatcher->dispatch(Object(CakeRequest), Object(CakeResponse))
#1 {main}
2023-05-01 06:25:52 Error: [MissingControllerException] Controller class CssController could not be found.
Exception Attributes: array (
  'class' => 'CssController',
  'plugin' => NULL,
)
Request URL: /css/bootstrap.min.css.map
Stack Trace:
#0 /Applications/XAMPP/xamppfiles/htdocs/messageboard/app/webroot/index.php(117): Dispatcher->dispatch(Object(CakeRequest), Object(CakeResponse))
#1 {main}
2023-05-01 06:25:52 Error: [MissingControllerException] Controller class JsController could not be found.
Exception Attributes: array (
  'class' => 'JsController',
  'plugin' => NULL,
)
Request URL: /js/popper.min.js.map
Stack Trace:
#0 /Applications/XAMPP/xamppfiles/htdocs/messageboard/app/webroot/index.php(117): Dispatcher->dispatch(Object(CakeRequest), Object(CakeResponse))
#1 {main}
2023-05-01 06:25:52 Error: [MissingControllerException] Controller class JsController could not be found.
Exception Attributes: array (
  'class' => 'JsController',
  'plugin' => NULL,
)
Request URL: /js/bootstrap.min.js.map
Stack Trace:
#0 /Applications/XAMPP/xamppfiles/htdocs/messageboard/app/webroot/index.php(117): Dispatcher->dispatch(Object(CakeRequest), Object(CakeResponse))
#1 {main}
2023-05-01 06:25:54 Error: [MissingControllerException] Controller class CssController could not be found.
Exception Attributes: array (
  'class' => 'CssController',
  'plugin' => NULL,
)
Request URL: /css/bootstrap.min.css.map
Stack Trace:
#0 /Applications/XAMPP/xamppfiles/htdocs/messageboard/app/webroot/index.php(117): Dispatcher->dispatch(Object(CakeRequest), Object(CakeResponse))
#1 {main}
2023-05-01 06:25:54 Error: [MissingControllerException] Controller class JsController could not be found.
Exception Attributes: array (
  'class' => 'JsController',
  'plugin' => NULL,
)
Request URL: /js/popper.min.js.map
Stack Trace:
#0 /Applications/XAMPP/xamppfiles/htdocs/messageboard/app/webroot/index.php(117): Dispatcher->dispatch(Object(CakeRequest), Object(CakeResponse))
#1 {main}
2023-05-01 06:25:54 Error: [MissingControllerException] Controller class JsController could not be found.
Exception Attributes: array (
  'class' => 'JsController',
  'plugin' => NULL,
)
Request URL: /js/bootstrap.min.js.map
Stack Trace:
#0 /Applications/XAMPP/xamppfiles/htdocs/messageboard/app/webroot/index.php(117): Dispatcher->dispatch(Object(CakeRequest), Object(CakeResponse))
#1 {main}
2023-05-01 06:26:08 Error: [MissingControllerException] Controller class CssController could not be found.
Exception Attributes: array (
  'class' => 'CssController',
  'plugin' => NULL,
)
Request URL: /css/bootstrap.min.css.map
Stack Trace:
#0 /Applications/XAMPP/xamppfiles/htdocs/messageboard/app/webroot/index.php(117): Dispatcher->dispatch(Object(CakeRequest), Object(CakeResponse))
#1 {main}
2023-05-01 06:26:08 Error: [MissingControllerException] Controller class JsController could not be found.
Exception Attributes: array (
  'class' => 'JsController',
  'plugin' => NULL,
)
Request URL: /js/popper.min.js.map
Stack Trace:
#0 /Applications/XAMPP/xamppfiles/htdocs/messageboard/app/webroot/index.php(117): Dispatcher->dispatch(Object(CakeRequest), Object(CakeResponse))
#1 {main}
2023-05-01 06:26:08 Error: [MissingControllerException] Controller class JsController could not be found.
Exception Attributes: array (
  'class' => 'JsController',
  'plugin' => NULL,
)
Request URL: /js/bootstrap.min.js.map
Stack Trace:
#0 /Applications/XAMPP/xamppfiles/htdocs/messageboard/app/webroot/index.php(117): Dispatcher->dispatch(Object(CakeRequest), Object(CakeResponse))
#1 {main}
2023-05-01 06:26:10 Error: [MissingControllerException] Controller class CssController could not be found.
Exception Attributes: array (
  'class' => 'CssController',
  'plugin' => NULL,
)
Request URL: /css/bootstrap.min.css.map
Stack Trace:
#0 /Applications/XAMPP/xamppfiles/htdocs/messageboard/app/webroot/index.php(117): Dispatcher->dispatch(Object(CakeRequest), Object(CakeResponse))
#1 {main}
2023-05-01 06:26:10 Error: [MissingControllerException] Controller class JsController could not be found.
Exception Attributes: array (
  'class' => 'JsController',
  'plugin' => NULL,
)
Request URL: /js/bootstrap.min.js.map
Stack Trace:
#0 /Applications/XAMPP/xamppfiles/htdocs/messageboard/app/webroot/index.php(117): Dispatcher->dispatch(Object(CakeRequest), Object(CakeResponse))
#1 {main}
2023-05-01 06:26:10 Error: [MissingControllerException] Controller class JsController could not be found.
Exception Attributes: array (
  'class' => 'JsController',
  'plugin' => NULL,
)
Request URL: /js/popper.min.js.map
Stack Trace:
#0 /Applications/XAMPP/xamppfiles/htdocs/messageboard/app/webroot/index.php(117): Dispatcher->dispatch(Object(CakeRequest), Object(CakeResponse))
#1 {main}
2023-05-01 06:26:12 Error: [MissingControllerException] Controller class CssController could not be found.
Exception Attributes: array (
  'class' => 'CssController',
  'plugin' => NULL,
)
Request URL: /css/bootstrap.min.css.map
Stack Trace:
#0 /Applications/XAMPP/xamppfiles/htdocs/messageboard/app/webroot/index.php(117): Dispatcher->dispatch(Object(CakeRequest), Object(CakeResponse))
#1 {main}
2023-05-01 06:26:12 Error: [MissingControllerException] Controller class JsController could not be found.
Exception Attributes: array (
  'class' => 'JsController',
  'plugin' => NULL,
)
Request URL: /js/bootstrap.min.js.map
Stack Trace:
#0 /Applications/XAMPP/xamppfiles/htdocs/messageboard/app/webroot/index.php(117): Dispatcher->dispatch(Object(CakeRequest), Object(CakeResponse))
#1 {main}
2023-05-01 06:26:12 Error: [MissingControllerException] Controller class JsController could not be found.
Exception Attributes: array (
  'class' => 'JsController',
  'plugin' => NULL,
)
Request URL: /js/popper.min.js.map
Stack Trace:
#0 /Applications/XAMPP/xamppfiles/htdocs/messageboard/app/webroot/index.php(117): Dispatcher->dispatch(Object(CakeRequest), Object(CakeResponse))
#1 {main}
2023-05-01 06:26:13 Error: [MissingControllerException] Controller class CssController could not be found.
Exception Attributes: array (
  'class' => 'CssController',
  'plugin' => NULL,
)
Request URL: /css/bootstrap.min.css.map
Stack Trace:
#0 /Applications/XAMPP/xamppfiles/htdocs/messageboard/app/webroot/index.php(117): Dispatcher->dispatch(Object(CakeRequest), Object(CakeResponse))
#1 {main}
2023-05-01 06:26:13 Error: [MissingControllerException] Controller class JsController could not be found.
Exception Attributes: array (
  'class' => 'JsController',
  'plugin' => NULL,
)
Request URL: /js/popper.min.js.map
Stack Trace:
#0 /Applications/XAMPP/xamppfiles/htdocs/messageboard/app/webroot/index.php(117): Dispatcher->dispatch(Object(CakeRequest), Object(CakeResponse))
#1 {main}
2023-05-01 06:26:13 Error: [MissingControllerException] Controller class JsController could not be found.
Exception Attributes: array (
  'class' => 'JsController',
  'plugin' => NULL,
)
Request URL: /js/bootstrap.min.js.map
Stack Trace:
#0 /Applications/XAMPP/xamppfiles/htdocs/messageboard/app/webroot/index.php(117): Dispatcher->dispatch(Object(CakeRequest), Object(CakeResponse))
#1 {main}
2023-05-01 06:26:15 Error: [MissingControllerException] Controller class CssController could not be found.
Exception Attributes: array (
  'class' => 'CssController',
  'plugin' => NULL,
)
Request URL: /css/bootstrap.min.css.map
Stack Trace:
#0 /Applications/XAMPP/xamppfiles/htdocs/messageboard/app/webroot/index.php(117): Dispatcher->dispatch(Object(CakeRequest), Object(CakeResponse))
#1 {main}
2023-05-01 06:26:15 Error: [MissingControllerException] Controller class JsController could not be found.
Exception Attributes: array (
  'class' => 'JsController',
  'plugin' => NULL,
)
Request URL: /js/popper.min.js.map
Stack Trace:
#0 /Applications/XAMPP/xamppfiles/htdocs/messageboard/app/webroot/index.php(117): Dispatcher->dispatch(Object(CakeRequest), Object(CakeResponse))
#1 {main}
2023-05-01 06:26:15 Error: [MissingControllerException] Controller class JsController could not be found.
Exception Attributes: array (
  'class' => 'JsController',
  'plugin' => NULL,
)
Request URL: /js/bootstrap.min.js.map
Stack Trace:
#0 /Applications/XAMPP/xamppfiles/htdocs/messageboard/app/webroot/index.php(117): Dispatcher->dispatch(Object(CakeRequest), Object(CakeResponse))
#1 {main}
2023-05-01 06:33:40 Error: [MissingControllerException] Controller class CssController could not be found.
Exception Attributes: array (
  'class' => 'CssController',
  'plugin' => NULL,
)
Request URL: /css/bootstrap.min.css.map
Stack Trace:
#0 /Applications/XAMPP/xamppfiles/htdocs/messageboard/app/webroot/index.php(117): Dispatcher->dispatch(Object(CakeRequest), Object(CakeResponse))
#1 {main}
2023-05-01 06:33:40 Error: [MissingControllerException] Controller class JsController could not be found.
Exception Attributes: array (
  'class' => 'JsController',
  'plugin' => NULL,
)
Request URL: /js/bootstrap.min.js.map
Stack Trace:
#0 /Applications/XAMPP/xamppfiles/htdocs/messageboard/app/webroot/index.php(117): Dispatcher->dispatch(Object(CakeRequest), Object(CakeResponse))
#1 {main}
2023-05-01 06:33:40 Error: [MissingControllerException] Controller class JsController could not be found.
Exception Attributes: array (
  'class' => 'JsController',
  'plugin' => NULL,
)
Request URL: /js/popper.min.js.map
Stack Trace:
#0 /Applications/XAMPP/xamppfiles/htdocs/messageboard/app/webroot/index.php(117): Dispatcher->dispatch(Object(CakeRequest), Object(CakeResponse))
#1 {main}
2023-05-01 06:33:51 Error: [Error] Call to a member function find() on null
Request URL: /message
Stack Trace:
#0 [internal function]: MessagesController->index()
#1 /Applications/XAMPP/xamppfiles/htdocs/messageboard/lib/Cake/Controller/Controller.php(499): ReflectionMethod->invokeArgs(Object(MessagesController), Array)
#2 /Applications/XAMPP/xamppfiles/htdocs/messageboard/lib/Cake/Routing/Dispatcher.php(193): Controller->invokeAction(Object(CakeRequest))
#3 /Applications/XAMPP/xamppfiles/htdocs/messageboard/lib/Cake/Routing/Dispatcher.php(167): Dispatcher->_invoke(Object(MessagesController), Object(CakeRequest))
#4 /Applications/XAMPP/xamppfiles/htdocs/messageboard/app/webroot/index.php(117): Dispatcher->dispatch(Object(CakeRequest), Object(CakeResponse))
#5 {main}
2023-05-01 06:33:51 Error: [MissingControllerException] Controller class CssController could not be found.
Exception Attributes: array (
  'class' => 'CssController',
  'plugin' => NULL,
)
Request URL: /css/bootstrap.min.css.map
Stack Trace:
#0 /Applications/XAMPP/xamppfiles/htdocs/messageboard/app/webroot/index.php(117): Dispatcher->dispatch(Object(CakeRequest), Object(CakeResponse))
#1 {main}
2023-05-01 06:33:51 Error: [MissingControllerException] Controller class JsController could not be found.
Exception Attributes: array (
  'class' => 'JsController',
  'plugin' => NULL,
)
Request URL: /js/bootstrap.min.js.map
Stack Trace:
#0 /Applications/XAMPP/xamppfiles/htdocs/messageboard/app/webroot/index.php(117): Dispatcher->dispatch(Object(CakeRequest), Object(CakeResponse))
#1 {main}
2023-05-01 06:33:51 Error: [MissingControllerException] Controller class JsController could not be found.
Exception Attributes: array (
  'class' => 'JsController',
  'plugin' => NULL,
)
Request URL: /js/popper.min.js.map
Stack Trace:
#0 /Applications/XAMPP/xamppfiles/htdocs/messageboard/app/webroot/index.php(117): Dispatcher->dispatch(Object(CakeRequest), Object(CakeResponse))
#1 {main}
2023-05-01 06:36:02 Error: [MissingTableException] Table conversations for model Conversation was not found in datasource default.
Exception Attributes: array (
  'table' => 'conversations',
  'class' => 'Conversation',
  'ds' => 'default',
)
Request URL: /message
Stack Trace:
#0 /Applications/XAMPP/xamppfiles/htdocs/messageboard/lib/Cake/Model/Model.php(3686): Model->setSource('conversations')
#1 /Applications/XAMPP/xamppfiles/htdocs/messageboard/lib/Cake/Model/Model.php(3053): Model->getDataSource()
#2 /Applications/XAMPP/xamppfiles/htdocs/messageboard/lib/Cake/Model/Model.php(3025): Model->_readDataSource('all', Array)
#3 /Applications/XAMPP/xamppfiles/htdocs/messageboard/app/Controller/ConversationsController.php(11): Model->find('all')
#4 [internal function]: ConversationsController->index()
#5 /Applications/XAMPP/xamppfiles/htdocs/messageboard/lib/Cake/Controller/Controller.php(499): ReflectionMethod->invokeArgs(Object(ConversationsController), Array)
#6 /Applications/XAMPP/xamppfiles/htdocs/messageboard/lib/Cake/Routing/Dispatcher.php(193): Controller->invokeAction(Object(CakeRequest))
#7 /Applications/XAMPP/xamppfiles/htdocs/messageboard/lib/Cake/Routing/Dispatcher.php(167): Dispatcher->_invoke(Object(ConversationsController), Object(CakeRequest))
#8 /Applications/XAMPP/xamppfiles/htdocs/messageboard/app/webroot/index.php(117): Dispatcher->dispatch(Object(CakeRequest), Object(CakeResponse))
#9 {main}
2023-05-01 06:36:02 Error: [MissingControllerException] Controller class CssController could not be found.
Exception Attributes: array (
  'class' => 'CssController',
  'plugin' => NULL,
)
Request URL: /css/bootstrap.min.css.map
Stack Trace:
#0 /Applications/XAMPP/xamppfiles/htdocs/messageboard/app/webroot/index.php(117): Dispatcher->dispatch(Object(CakeRequest), Object(CakeResponse))
#1 {main}
2023-05-01 06:36:02 Error: [MissingControllerException] Controller class JsController could not be found.
Exception Attributes: array (
  'class' => 'JsController',
  'plugin' => NULL,
)
Request URL: /js/popper.min.js.map
Stack Trace:
#0 /Applications/XAMPP/xamppfiles/htdocs/messageboard/app/webroot/index.php(117): Dispatcher->dispatch(Object(CakeRequest), Object(CakeResponse))
#1 {main}
2023-05-01 06:36:02 Error: [MissingControllerException] Controller class JsController could not be found.
Exception Attributes: array (
  'class' => 'JsController',
  'plugin' => NULL,
)
Request URL: /js/bootstrap.min.js.map
Stack Trace:
#0 /Applications/XAMPP/xamppfiles/htdocs/messageboard/app/webroot/index.php(117): Dispatcher->dispatch(Object(CakeRequest), Object(CakeResponse))
#1 {main}
2023-05-01 06:37:09 Error: [MissingTableException] Table conversations for model Conversation was not found in datasource default.
Exception Attributes: array (
  'table' => 'conversations',
  'class' => 'Conversation',
  'ds' => 'default',
)
Request URL: /message
Stack Trace:
#0 /Applications/XAMPP/xamppfiles/htdocs/messageboard/lib/Cake/Model/Model.php(3686): Model->setSource('conversations')
#1 /Applications/XAMPP/xamppfiles/htdocs/messageboard/lib/Cake/Model/Model.php(3053): Model->getDataSource()
#2 /Applications/XAMPP/xamppfiles/htdocs/messageboard/lib/Cake/Model/Model.php(3025): Model->_readDataSource('all', Array)
#3 /Applications/XAMPP/xamppfiles/htdocs/messageboard/app/Controller/ConversationsController.php(10): Model->find('all')
#4 [internal function]: ConversationsController->index()
#5 /Applications/XAMPP/xamppfiles/htdocs/messageboard/lib/Cake/Controller/Controller.php(499): ReflectionMethod->invokeArgs(Object(ConversationsController), Array)
#6 /Applications/XAMPP/xamppfiles/htdocs/messageboard/lib/Cake/Routing/Dispatcher.php(193): Controller->invokeAction(Object(CakeRequest))
#7 /Applications/XAMPP/xamppfiles/htdocs/messageboard/lib/Cake/Routing/Dispatcher.php(167): Dispatcher->_invoke(Object(ConversationsController), Object(CakeRequest))
#8 /Applications/XAMPP/xamppfiles/htdocs/messageboard/app/webroot/index.php(117): Dispatcher->dispatch(Object(CakeRequest), Object(CakeResponse))
#9 {main}
2023-05-01 06:37:09 Error: [MissingControllerException] Controller class CssController could not be found.
Exception Attributes: array (
  'class' => 'CssController',
  'plugin' => NULL,
)
Request URL: /css/bootstrap.min.css.map
Stack Trace:
#0 /Applications/XAMPP/xamppfiles/htdocs/messageboard/app/webroot/index.php(117): Dispatcher->dispatch(Object(CakeRequest), Object(CakeResponse))
#1 {main}
2023-05-01 06:37:10 Error: [MissingControllerException] Controller class JsController could not be found.
Exception Attributes: array (
  'class' => 'JsController',
  'plugin' => NULL,
)
Request URL: /js/popper.min.js.map
Stack Trace:
#0 /Applications/XAMPP/xamppfiles/htdocs/messageboard/app/webroot/index.php(117): Dispatcher->dispatch(Object(CakeRequest), Object(CakeResponse))
#1 {main}
2023-05-01 06:37:10 Error: [MissingControllerException] Controller class JsController could not be found.
Exception Attributes: array (
  'class' => 'JsController',
  'plugin' => NULL,
)
Request URL: /js/bootstrap.min.js.map
Stack Trace:
#0 /Applications/XAMPP/xamppfiles/htdocs/messageboard/app/webroot/index.php(117): Dispatcher->dispatch(Object(CakeRequest), Object(CakeResponse))
#1 {main}
2023-05-01 06:37:45 Error: [Error] Call to a member function find() on null
Request URL: /message
Stack Trace:
#0 [internal function]: ConversationsController->index()
#1 /Applications/XAMPP/xamppfiles/htdocs/messageboard/lib/Cake/Controller/Controller.php(499): ReflectionMethod->invokeArgs(Object(ConversationsController), Array)
#2 /Applications/XAMPP/xamppfiles/htdocs/messageboard/lib/Cake/Routing/Dispatcher.php(193): Controller->invokeAction(Object(CakeRequest))
#3 /Applications/XAMPP/xamppfiles/htdocs/messageboard/lib/Cake/Routing/Dispatcher.php(167): Dispatcher->_invoke(Object(ConversationsController), Object(CakeRequest))
#4 /Applications/XAMPP/xamppfiles/htdocs/messageboard/app/webroot/index.php(117): Dispatcher->dispatch(Object(CakeRequest), Object(CakeResponse))
#5 {main}
2023-05-01 06:37:45 Error: [MissingControllerException] Controller class CssController could not be found.
Exception Attributes: array (
  'class' => 'CssController',
  'plugin' => NULL,
)
Request URL: /css/bootstrap.min.css.map
Stack Trace:
#0 /Applications/XAMPP/xamppfiles/htdocs/messageboard/app/webroot/index.php(117): Dispatcher->dispatch(Object(CakeRequest), Object(CakeResponse))
#1 {main}
2023-05-01 06:37:45 Error: [MissingControllerException] Controller class JsController could not be found.
Exception Attributes: array (
  'class' => 'JsController',
  'plugin' => NULL,
)
Request URL: /js/bootstrap.min.js.map
Stack Trace:
#0 /Applications/XAMPP/xamppfiles/htdocs/messageboard/app/webroot/index.php(117): Dispatcher->dispatch(Object(CakeRequest), Object(CakeResponse))
#1 {main}
2023-05-01 06:37:45 Error: [MissingControllerException] Controller class JsController could not be found.
Exception Attributes: array (
  'class' => 'JsController',
  'plugin' => NULL,
)
Request URL: /js/popper.min.js.map
Stack Trace:
#0 /Applications/XAMPP/xamppfiles/htdocs/messageboard/app/webroot/index.php(117): Dispatcher->dispatch(Object(CakeRequest), Object(CakeResponse))
#1 {main}
2023-05-01 06:37:47 Error: [Error] Call to a member function find() on null
Request URL: /message
Stack Trace:
#0 [internal function]: ConversationsController->index()
#1 /Applications/XAMPP/xamppfiles/htdocs/messageboard/lib/Cake/Controller/Controller.php(499): ReflectionMethod->invokeArgs(Object(ConversationsController), Array)
#2 /Applications/XAMPP/xamppfiles/htdocs/messageboard/lib/Cake/Routing/Dispatcher.php(193): Controller->invokeAction(Object(CakeRequest))
#3 /Applications/XAMPP/xamppfiles/htdocs/messageboard/lib/Cake/Routing/Dispatcher.php(167): Dispatcher->_invoke(Object(ConversationsController), Object(CakeRequest))
#4 /Applications/XAMPP/xamppfiles/htdocs/messageboard/app/webroot/index.php(117): Dispatcher->dispatch(Object(CakeRequest), Object(CakeResponse))
#5 {main}
2023-05-01 06:37:47 Error: [MissingControllerException] Controller class CssController could not be found.
Exception Attributes: array (
  'class' => 'CssController',
  'plugin' => NULL,
)
Request URL: /css/bootstrap.min.css.map
Stack Trace:
#0 /Applications/XAMPP/xamppfiles/htdocs/messageboard/app/webroot/index.php(117): Dispatcher->dispatch(Object(CakeRequest), Object(CakeResponse))
#1 {main}
2023-05-01 06:37:47 Error: [MissingControllerException] Controller class JsController could not be found.
Exception Attributes: array (
  'class' => 'JsController',
  'plugin' => NULL,
)
Request URL: /js/bootstrap.min.js.map
Stack Trace:
#0 /Applications/XAMPP/xamppfiles/htdocs/messageboard/app/webroot/index.php(117): Dispatcher->dispatch(Object(CakeRequest), Object(CakeResponse))
#1 {main}
2023-05-01 06:37:47 Error: [MissingControllerException] Controller class JsController could not be found.
Exception Attributes: array (
  'class' => 'JsController',
  'plugin' => NULL,
)
Request URL: /js/popper.min.js.map
Stack Trace:
#0 /Applications/XAMPP/xamppfiles/htdocs/messageboard/app/webroot/index.php(117): Dispatcher->dispatch(Object(CakeRequest), Object(CakeResponse))
#1 {main}
2023-05-01 06:37:59 Error: [Error] Call to a member function find() on null
Request URL: /message
Stack Trace:
#0 [internal function]: ConversationsController->index()
#1 /Applications/XAMPP/xamppfiles/htdocs/messageboard/lib/Cake/Controller/Controller.php(499): ReflectionMethod->invokeArgs(Object(ConversationsController), Array)
#2 /Applications/XAMPP/xamppfiles/htdocs/messageboard/lib/Cake/Routing/Dispatcher.php(193): Controller->invokeAction(Object(CakeRequest))
#3 /Applications/XAMPP/xamppfiles/htdocs/messageboard/lib/Cake/Routing/Dispatcher.php(167): Dispatcher->_invoke(Object(ConversationsController), Object(CakeRequest))
#4 /Applications/XAMPP/xamppfiles/htdocs/messageboard/app/webroot/index.php(117): Dispatcher->dispatch(Object(CakeRequest), Object(CakeResponse))
#5 {main}
2023-05-01 06:37:59 Error: [MissingControllerException] Controller class CssController could not be found.
Exception Attributes: array (
  'class' => 'CssController',
  'plugin' => NULL,
)
Request URL: /css/bootstrap.min.css.map
Stack Trace:
#0 /Applications/XAMPP/xamppfiles/htdocs/messageboard/app/webroot/index.php(117): Dispatcher->dispatch(Object(CakeRequest), Object(CakeResponse))
#1 {main}
2023-05-01 06:37:59 Error: [MissingControllerException] Controller class JsController could not be found.
Exception Attributes: array (
  'class' => 'JsController',
  'plugin' => NULL,
)
Request URL: /js/popper.min.js.map
Stack Trace:
#0 /Applications/XAMPP/xamppfiles/htdocs/messageboard/app/webroot/index.php(117): Dispatcher->dispatch(Object(CakeRequest), Object(CakeResponse))
#1 {main}
2023-05-01 06:37:59 Error: [MissingControllerException] Controller class JsController could not be found.
Exception Attributes: array (
  'class' => 'JsController',
  'plugin' => NULL,
)
Request URL: /js/bootstrap.min.js.map
Stack Trace:
#0 /Applications/XAMPP/xamppfiles/htdocs/messageboard/app/webroot/index.php(117): Dispatcher->dispatch(Object(CakeRequest), Object(CakeResponse))
#1 {main}
2023-05-01 06:38:14 Error: [Error] Call to a member function find() on null
Request URL: /messages
Stack Trace:
#0 [internal function]: MessagesController->index()
#1 /Applications/XAMPP/xamppfiles/htdocs/messageboard/lib/Cake/Controller/Controller.php(499): ReflectionMethod->invokeArgs(Object(MessagesController), Array)
#2 /Applications/XAMPP/xamppfiles/htdocs/messageboard/lib/Cake/Routing/Dispatcher.php(193): Controller->invokeAction(Object(CakeRequest))
#3 /Applications/XAMPP/xamppfiles/htdocs/messageboard/lib/Cake/Routing/Dispatcher.php(167): Dispatcher->_invoke(Object(MessagesController), Object(CakeRequest))
#4 /Applications/XAMPP/xamppfiles/htdocs/messageboard/app/webroot/index.php(117): Dispatcher->dispatch(Object(CakeRequest), Object(CakeResponse))
#5 {main}
2023-05-01 06:38:14 Error: [MissingControllerException] Controller class CssController could not be found.
Exception Attributes: array (
  'class' => 'CssController',
  'plugin' => NULL,
)
Request URL: /css/bootstrap.min.css.map
Stack Trace:
#0 /Applications/XAMPP/xamppfiles/htdocs/messageboard/app/webroot/index.php(117): Dispatcher->dispatch(Object(CakeRequest), Object(CakeResponse))
#1 {main}
2023-05-01 06:38:14 Error: [MissingControllerException] Controller class JsController could not be found.
Exception Attributes: array (
  'class' => 'JsController',
  'plugin' => NULL,
)
Request URL: /js/popper.min.js.map
Stack Trace:
#0 /Applications/XAMPP/xamppfiles/htdocs/messageboard/app/webroot/index.php(117): Dispatcher->dispatch(Object(CakeRequest), Object(CakeResponse))
#1 {main}
2023-05-01 06:38:14 Error: [MissingControllerException] Controller class JsController could not be found.
Exception Attributes: array (
  'class' => 'JsController',
  'plugin' => NULL,
)
Request URL: /js/bootstrap.min.js.map
Stack Trace:
#0 /Applications/XAMPP/xamppfiles/htdocs/messageboard/app/webroot/index.php(117): Dispatcher->dispatch(Object(CakeRequest), Object(CakeResponse))
#1 {main}
2023-05-01 06:38:25 Error: [MissingControllerException] Controller class CssController could not be found.
Exception Attributes: array (
  'class' => 'CssController',
  'plugin' => NULL,
)
Request URL: /css/bootstrap.min.css.map
Stack Trace:
#0 /Applications/XAMPP/xamppfiles/htdocs/messageboard/app/webroot/index.php(117): Dispatcher->dispatch(Object(CakeRequest), Object(CakeResponse))
#1 {main}
2023-05-01 06:38:25 Error: [MissingControllerException] Controller class JsController could not be found.
Exception Attributes: array (
  'class' => 'JsController',
  'plugin' => NULL,
)
Request URL: /js/popper.min.js.map
Stack Trace:
#0 /Applications/XAMPP/xamppfiles/htdocs/messageboard/app/webroot/index.php(117): Dispatcher->dispatch(Object(CakeRequest), Object(CakeResponse))
#1 {main}
2023-05-01 06:38:25 Error: [MissingControllerException] Controller class JsController could not be found.
Exception Attributes: array (
  'class' => 'JsController',
  'plugin' => NULL,
)
Request URL: /js/bootstrap.min.js.map
Stack Trace:
#0 /Applications/XAMPP/xamppfiles/htdocs/messageboard/app/webroot/index.php(117): Dispatcher->dispatch(Object(CakeRequest), Object(CakeResponse))
#1 {main}
2023-05-01 06:39:01 Error: [MissingControllerException] Controller class CssController could not be found.
Exception Attributes: array (
  'class' => 'CssController',
  'plugin' => NULL,
)
Request URL: /css/bootstrap.min.css.map
Stack Trace:
#0 /Applications/XAMPP/xamppfiles/htdocs/messageboard/app/webroot/index.php(117): Dispatcher->dispatch(Object(CakeRequest), Object(CakeResponse))
#1 {main}
2023-05-01 06:39:01 Error: [MissingControllerException] Controller class JsController could not be found.
Exception Attributes: array (
  'class' => 'JsController',
  'plugin' => NULL,
)
Request URL: /js/popper.min.js.map
Stack Trace:
#0 /Applications/XAMPP/xamppfiles/htdocs/messageboard/app/webroot/index.php(117): Dispatcher->dispatch(Object(CakeRequest), Object(CakeResponse))
#1 {main}
2023-05-01 06:39:01 Error: [MissingControllerException] Controller class JsController could not be found.
Exception Attributes: array (
  'class' => 'JsController',
  'plugin' => NULL,
)
Request URL: /js/bootstrap.min.js.map
Stack Trace:
#0 /Applications/XAMPP/xamppfiles/htdocs/messageboard/app/webroot/index.php(117): Dispatcher->dispatch(Object(CakeRequest), Object(CakeResponse))
#1 {main}
2023-05-01 06:39:02 Error: [MissingControllerException] Controller class CssController could not be found.
Exception Attributes: array (
  'class' => 'CssController',
  'plugin' => NULL,
)
Request URL: /css/bootstrap.min.css.map
Stack Trace:
#0 /Applications/XAMPP/xamppfiles/htdocs/messageboard/app/webroot/index.php(117): Dispatcher->dispatch(Object(CakeRequest), Object(CakeResponse))
#1 {main}
2023-05-01 06:39:02 Error: [MissingControllerException] Controller class JsController could not be found.
Exception Attributes: array (
  'class' => 'JsController',
  'plugin' => NULL,
)
Request URL: /js/popper.min.js.map
Stack Trace:
#0 /Applications/XAMPP/xamppfiles/htdocs/messageboard/app/webroot/index.php(117): Dispatcher->dispatch(Object(CakeRequest), Object(CakeResponse))
#1 {main}
2023-05-01 06:39:02 Error: [MissingControllerException] Controller class JsController could not be found.
Exception Attributes: array (
  'class' => 'JsController',
  'plugin' => NULL,
)
Request URL: /js/bootstrap.min.js.map
Stack Trace:
#0 /Applications/XAMPP/xamppfiles/htdocs/messageboard/app/webroot/index.php(117): Dispatcher->dispatch(Object(CakeRequest), Object(CakeResponse))
#1 {main}
2023-05-01 06:39:17 Error: [MissingControllerException] Controller class CssController could not be found.
Exception Attributes: array (
  'class' => 'CssController',
  'plugin' => NULL,
)
Request URL: /css/bootstrap.min.css.map
Stack Trace:
#0 /Applications/XAMPP/xamppfiles/htdocs/messageboard/app/webroot/index.php(117): Dispatcher->dispatch(Object(CakeRequest), Object(CakeResponse))
#1 {main}
2023-05-01 06:39:17 Error: [MissingControllerException] Controller class JsController could not be found.
Exception Attributes: array (
  'class' => 'JsController',
  'plugin' => NULL,
)
Request URL: /js/popper.min.js.map
Stack Trace:
#0 /Applications/XAMPP/xamppfiles/htdocs/messageboard/app/webroot/index.php(117): Dispatcher->dispatch(Object(CakeRequest), Object(CakeResponse))
#1 {main}
2023-05-01 06:39:17 Error: [MissingControllerException] Controller class JsController could not be found.
Exception Attributes: array (
  'class' => 'JsController',
  'plugin' => NULL,
)
Request URL: /js/bootstrap.min.js.map
Stack Trace:
#0 /Applications/XAMPP/xamppfiles/htdocs/messageboard/app/webroot/index.php(117): Dispatcher->dispatch(Object(CakeRequest), Object(CakeResponse))
#1 {main}
2023-05-01 06:47:25 Error: [MissingControllerException] Controller class CssController could not be found.
Exception Attributes: array (
  'class' => 'CssController',
  'plugin' => NULL,
)
Request URL: /css/bootstrap.min.css.map
Stack Trace:
#0 /Applications/XAMPP/xamppfiles/htdocs/messageboard/app/webroot/index.php(117): Dispatcher->dispatch(Object(CakeRequest), Object(CakeResponse))
#1 {main}
2023-05-01 06:47:25 Error: [MissingControllerException] Controller class JsController could not be found.
Exception Attributes: array (
  'class' => 'JsController',
  'plugin' => NULL,
)
Request URL: /js/popper.min.js.map
Stack Trace:
#0 /Applications/XAMPP/xamppfiles/htdocs/messageboard/app/webroot/index.php(117): Dispatcher->dispatch(Object(CakeRequest), Object(CakeResponse))
#1 {main}
2023-05-01 06:47:25 Error: [MissingControllerException] Controller class JsController could not be found.
Exception Attributes: array (
  'class' => 'JsController',
  'plugin' => NULL,
)
Request URL: /js/bootstrap.min.js.map
Stack Trace:
#0 /Applications/XAMPP/xamppfiles/htdocs/messageboard/app/webroot/index.php(117): Dispatcher->dispatch(Object(CakeRequest), Object(CakeResponse))
#1 {main}
2023-05-01 06:47:27 Error: [MissingControllerException] Controller class CssController could not be found.
Exception Attributes: array (
  'class' => 'CssController',
  'plugin' => NULL,
)
Request URL: /css/bootstrap.min.css.map
Stack Trace:
#0 /Applications/XAMPP/xamppfiles/htdocs/messageboard/app/webroot/index.php(117): Dispatcher->dispatch(Object(CakeRequest), Object(CakeResponse))
#1 {main}
2023-05-01 06:47:27 Error: [MissingControllerException] Controller class JsController could not be found.
Exception Attributes: array (
  'class' => 'JsController',
  'plugin' => NULL,
)
Request URL: /js/popper.min.js.map
Stack Trace:
#0 /Applications/XAMPP/xamppfiles/htdocs/messageboard/app/webroot/index.php(117): Dispatcher->dispatch(Object(CakeRequest), Object(CakeResponse))
#1 {main}
2023-05-01 06:47:27 Error: [MissingControllerException] Controller class JsController could not be found.
Exception Attributes: array (
  'class' => 'JsController',
  'plugin' => NULL,
)
Request URL: /js/bootstrap.min.js.map
Stack Trace:
#0 /Applications/XAMPP/xamppfiles/htdocs/messageboard/app/webroot/index.php(117): Dispatcher->dispatch(Object(CakeRequest), Object(CakeResponse))
#1 {main}
2023-05-01 06:47:33 Error: [MissingControllerException] Controller class CssController could not be found.
Exception Attributes: array (
  'class' => 'CssController',
  'plugin' => NULL,
)
Request URL: /css/bootstrap.min.css.map
Stack Trace:
#0 /Applications/XAMPP/xamppfiles/htdocs/messageboard/app/webroot/index.php(117): Dispatcher->dispatch(Object(CakeRequest), Object(CakeResponse))
#1 {main}
2023-05-01 06:47:33 Error: [MissingControllerException] Controller class JsController could not be found.
Exception Attributes: array (
  'class' => 'JsController',
  'plugin' => NULL,
)
Request URL: /js/popper.min.js.map
Stack Trace:
#0 /Applications/XAMPP/xamppfiles/htdocs/messageboard/app/webroot/index.php(117): Dispatcher->dispatch(Object(CakeRequest), Object(CakeResponse))
#1 {main}
2023-05-01 06:47:33 Error: [MissingControllerException] Controller class JsController could not be found.
Exception Attributes: array (
  'class' => 'JsController',
  'plugin' => NULL,
)
Request URL: /js/bootstrap.min.js.map
Stack Trace:
#0 /Applications/XAMPP/xamppfiles/htdocs/messageboard/app/webroot/index.php(117): Dispatcher->dispatch(Object(CakeRequest), Object(CakeResponse))
#1 {main}
2023-05-01 06:47:36 Error: [MissingControllerException] Controller class JsController could not be found.
Exception Attributes: array (
  'class' => 'JsController',
  'plugin' => NULL,
)
Request URL: /js/popper.min.js.map
Stack Trace:
#0 /Applications/XAMPP/xamppfiles/htdocs/messageboard/app/webroot/index.php(117): Dispatcher->dispatch(Object(CakeRequest), Object(CakeResponse))
#1 {main}
2023-05-01 06:47:36 Error: [MissingControllerException] Controller class JsController could not be found.
Exception Attributes: array (
  'class' => 'JsController',
  'plugin' => NULL,
)
Request URL: /js/bootstrap.min.js.map
Stack Trace:
#0 /Applications/XAMPP/xamppfiles/htdocs/messageboard/app/webroot/index.php(117): Dispatcher->dispatch(Object(CakeRequest), Object(CakeResponse))
#1 {main}
2023-05-01 06:47:36 Error: [MissingControllerException] Controller class CssController could not be found.
Exception Attributes: array (
  'class' => 'CssController',
  'plugin' => NULL,
)
Request URL: /css/bootstrap.min.css.map
Stack Trace:
#0 /Applications/XAMPP/xamppfiles/htdocs/messageboard/app/webroot/index.php(117): Dispatcher->dispatch(Object(CakeRequest), Object(CakeResponse))
#1 {main}
2023-05-01 06:47:39 Warning: Warning (2): date_format() expects parameter 1 to be DateTimeInterface, string given in [/Applications/XAMPP/xamppfiles/htdocs/messageboard/app/View/Users/edit.ctp, line 66]
Trace:
ErrorHandler::handleError() - CORE/Cake/Error/ErrorHandler.php, line 230
date_format - [internal], line ??
include - APP/View/Users/edit.ctp, line 66
View::_evaluate() - CORE/Cake/View/View.php, line 971
View::_render() - CORE/Cake/View/View.php, line 933
View::render() - CORE/Cake/View/View.php, line 473
Controller::render() - CORE/Cake/Controller/Controller.php, line 968
Dispatcher::_invoke() - CORE/Cake/Routing/Dispatcher.php, line 200
Dispatcher::dispatch() - CORE/Cake/Routing/Dispatcher.php, line 167
[main] - APP/webroot/index.php, line 117

2023-05-01 06:47:39 Error: [MissingControllerException] Controller class CssController could not be found.
Exception Attributes: array (
  'class' => 'CssController',
  'plugin' => NULL,
)
Request URL: /css/bootstrap.min.css.map
Stack Trace:
#0 /Applications/XAMPP/xamppfiles/htdocs/messageboard/app/webroot/index.php(117): Dispatcher->dispatch(Object(CakeRequest), Object(CakeResponse))
#1 {main}
2023-05-01 06:47:39 Error: [MissingControllerException] Controller class JsController could not be found.
Exception Attributes: array (
  'class' => 'JsController',
  'plugin' => NULL,
)
Request URL: /js/popper.min.js.map
Stack Trace:
#0 /Applications/XAMPP/xamppfiles/htdocs/messageboard/app/webroot/index.php(117): Dispatcher->dispatch(Object(CakeRequest), Object(CakeResponse))
#1 {main}
2023-05-01 06:47:39 Error: [MissingControllerException] Controller class JsController could not be found.
Exception Attributes: array (
  'class' => 'JsController',
  'plugin' => NULL,
)
Request URL: /js/bootstrap.min.js.map
Stack Trace:
#0 /Applications/XAMPP/xamppfiles/htdocs/messageboard/app/webroot/index.php(117): Dispatcher->dispatch(Object(CakeRequest), Object(CakeResponse))
#1 {main}
2023-05-01 06:47:44 Error: [MissingControllerException] Controller class CssController could not be found.
Exception Attributes: array (
  'class' => 'CssController',
  'plugin' => NULL,
)
Request URL: /css/bootstrap.min.css.map
Stack Trace:
#0 /Applications/XAMPP/xamppfiles/htdocs/messageboard/app/webroot/index.php(117): Dispatcher->dispatch(Object(CakeRequest), Object(CakeResponse))
#1 {main}
2023-05-01 06:47:44 Error: [MissingControllerException] Controller class JsController could not be found.
Exception Attributes: array (
  'class' => 'JsController',
  'plugin' => NULL,
)
Request URL: /js/popper.min.js.map
Stack Trace:
#0 /Applications/XAMPP/xamppfiles/htdocs/messageboard/app/webroot/index.php(117): Dispatcher->dispatch(Object(CakeRequest), Object(CakeResponse))
#1 {main}
2023-05-01 06:47:44 Error: [MissingControllerException] Controller class JsController could not be found.
Exception Attributes: array (
  'class' => 'JsController',
  'plugin' => NULL,
)
Request URL: /js/bootstrap.min.js.map
Stack Trace:
#0 /Applications/XAMPP/xamppfiles/htdocs/messageboard/app/webroot/index.php(117): Dispatcher->dispatch(Object(CakeRequest), Object(CakeResponse))
#1 {main}
2023-05-01 06:47:46 Error: [MissingControllerException] Controller class CssController could not be found.
Exception Attributes: array (
  'class' => 'CssController',
  'plugin' => NULL,
)
Request URL: /css/bootstrap.min.css.map
Stack Trace:
#0 /Applications/XAMPP/xamppfiles/htdocs/messageboard/app/webroot/index.php(117): Dispatcher->dispatch(Object(CakeRequest), Object(CakeResponse))
#1 {main}
2023-05-01 06:47:46 Error: [MissingControllerException] Controller class JsController could not be found.
Exception Attributes: array (
  'class' => 'JsController',
  'plugin' => NULL,
)
Request URL: /js/popper.min.js.map
Stack Trace:
#0 /Applications/XAMPP/xamppfiles/htdocs/messageboard/app/webroot/index.php(117): Dispatcher->dispatch(Object(CakeRequest), Object(CakeResponse))
#1 {main}
2023-05-01 06:47:46 Error: [MissingControllerException] Controller class JsController could not be found.
Exception Attributes: array (
  'class' => 'JsController',
  'plugin' => NULL,
)
Request URL: /js/bootstrap.min.js.map
Stack Trace:
#0 /Applications/XAMPP/xamppfiles/htdocs/messageboard/app/webroot/index.php(117): Dispatcher->dispatch(Object(CakeRequest), Object(CakeResponse))
#1 {main}
2023-05-01 06:48:36 Error: [MissingControllerException] Controller class CssController could not be found.
Exception Attributes: array (
  'class' => 'CssController',
  'plugin' => NULL,
)
Request URL: /css/bootstrap.min.css.map
Stack Trace:
#0 /Applications/XAMPP/xamppfiles/htdocs/messageboard/app/webroot/index.php(117): Dispatcher->dispatch(Object(CakeRequest), Object(CakeResponse))
#1 {main}
2023-05-01 06:48:36 Error: [MissingControllerException] Controller class JsController could not be found.
Exception Attributes: array (
  'class' => 'JsController',
  'plugin' => NULL,
)
Request URL: /js/popper.min.js.map
Stack Trace:
#0 /Applications/XAMPP/xamppfiles/htdocs/messageboard/app/webroot/index.php(117): Dispatcher->dispatch(Object(CakeRequest), Object(CakeResponse))
#1 {main}
2023-05-01 06:48:36 Error: [MissingControllerException] Controller class JsController could not be found.
Exception Attributes: array (
  'class' => 'JsController',
  'plugin' => NULL,
)
Request URL: /js/bootstrap.min.js.map
Stack Trace:
#0 /Applications/XAMPP/xamppfiles/htdocs/messageboard/app/webroot/index.php(117): Dispatcher->dispatch(Object(CakeRequest), Object(CakeResponse))
#1 {main}
2023-05-01 06:48:57 Error: [Error] Call to a member function find() on null
Request URL: /messages
Stack Trace:
#0 [internal function]: MessagesController->index()
#1 /Applications/XAMPP/xamppfiles/htdocs/messageboard/lib/Cake/Controller/Controller.php(499): ReflectionMethod->invokeArgs(Object(MessagesController), Array)
#2 /Applications/XAMPP/xamppfiles/htdocs/messageboard/lib/Cake/Routing/Dispatcher.php(193): Controller->invokeAction(Object(CakeRequest))
#3 /Applications/XAMPP/xamppfiles/htdocs/messageboard/lib/Cake/Routing/Dispatcher.php(167): Dispatcher->_invoke(Object(MessagesController), Object(CakeRequest))
#4 /Applications/XAMPP/xamppfiles/htdocs/messageboard/app/webroot/index.php(117): Dispatcher->dispatch(Object(CakeRequest), Object(CakeResponse))
#5 {main}
2023-05-01 06:48:57 Error: [MissingControllerException] Controller class CssController could not be found.
Exception Attributes: array (
  'class' => 'CssController',
  'plugin' => NULL,
)
Request URL: /css/bootstrap.min.css.map
Stack Trace:
#0 /Applications/XAMPP/xamppfiles/htdocs/messageboard/app/webroot/index.php(117): Dispatcher->dispatch(Object(CakeRequest), Object(CakeResponse))
#1 {main}
2023-05-01 06:48:57 Error: [MissingControllerException] Controller class JsController could not be found.
Exception Attributes: array (
  'class' => 'JsController',
  'plugin' => NULL,
)
Request URL: /js/popper.min.js.map
Stack Trace:
#0 /Applications/XAMPP/xamppfiles/htdocs/messageboard/app/webroot/index.php(117): Dispatcher->dispatch(Object(CakeRequest), Object(CakeResponse))
#1 {main}
2023-05-01 06:48:57 Error: [MissingControllerException] Controller class JsController could not be found.
Exception Attributes: array (
  'class' => 'JsController',
  'plugin' => NULL,
)
Request URL: /js/bootstrap.min.js.map
Stack Trace:
#0 /Applications/XAMPP/xamppfiles/htdocs/messageboard/app/webroot/index.php(117): Dispatcher->dispatch(Object(CakeRequest), Object(CakeResponse))
#1 {main}
2023-05-01 06:49:18 Error: [Error] Call to a member function find() on null
Request URL: /messages
Stack Trace:
#0 [internal function]: MessagesController->index()
#1 /Applications/XAMPP/xamppfiles/htdocs/messageboard/lib/Cake/Controller/Controller.php(499): ReflectionMethod->invokeArgs(Object(MessagesController), Array)
#2 /Applications/XAMPP/xamppfiles/htdocs/messageboard/lib/Cake/Routing/Dispatcher.php(193): Controller->invokeAction(Object(CakeRequest))
#3 /Applications/XAMPP/xamppfiles/htdocs/messageboard/lib/Cake/Routing/Dispatcher.php(167): Dispatcher->_invoke(Object(MessagesController), Object(CakeRequest))
#4 /Applications/XAMPP/xamppfiles/htdocs/messageboard/app/webroot/index.php(117): Dispatcher->dispatch(Object(CakeRequest), Object(CakeResponse))
#5 {main}
2023-05-01 06:49:18 Error: [MissingControllerException] Controller class CssController could not be found.
Exception Attributes: array (
  'class' => 'CssController',
  'plugin' => NULL,
)
Request URL: /css/bootstrap.min.css.map
Stack Trace:
#0 /Applications/XAMPP/xamppfiles/htdocs/messageboard/app/webroot/index.php(117): Dispatcher->dispatch(Object(CakeRequest), Object(CakeResponse))
#1 {main}
2023-05-01 06:49:18 Error: [MissingControllerException] Controller class JsController could not be found.
Exception Attributes: array (
  'class' => 'JsController',
  'plugin' => NULL,
)
Request URL: /js/popper.min.js.map
Stack Trace:
#0 /Applications/XAMPP/xamppfiles/htdocs/messageboard/app/webroot/index.php(117): Dispatcher->dispatch(Object(CakeRequest), Object(CakeResponse))
#1 {main}
2023-05-01 06:49:18 Error: [MissingControllerException] Controller class JsController could not be found.
Exception Attributes: array (
  'class' => 'JsController',
  'plugin' => NULL,
)
Request URL: /js/bootstrap.min.js.map
Stack Trace:
#0 /Applications/XAMPP/xamppfiles/htdocs/messageboard/app/webroot/index.php(117): Dispatcher->dispatch(Object(CakeRequest), Object(CakeResponse))
#1 {main}
2023-05-01 06:49:25 Error: [Error] Call to a member function find() on null
Request URL: /messages
Stack Trace:
#0 [internal function]: MessagesController->index()
#1 /Applications/XAMPP/xamppfiles/htdocs/messageboard/lib/Cake/Controller/Controller.php(499): ReflectionMethod->invokeArgs(Object(MessagesController), Array)
#2 /Applications/XAMPP/xamppfiles/htdocs/messageboard/lib/Cake/Routing/Dispatcher.php(193): Controller->invokeAction(Object(CakeRequest))
#3 /Applications/XAMPP/xamppfiles/htdocs/messageboard/lib/Cake/Routing/Dispatcher.php(167): Dispatcher->_invoke(Object(MessagesController), Object(CakeRequest))
#4 /Applications/XAMPP/xamppfiles/htdocs/messageboard/app/webroot/index.php(117): Dispatcher->dispatch(Object(CakeRequest), Object(CakeResponse))
#5 {main}
2023-05-01 06:52:42 Error: [Error] Call to a member function find() on null
Request URL: /messages
Stack Trace:
#0 [internal function]: MessagesController->index()
#1 /Applications/XAMPP/xamppfiles/htdocs/messageboard/lib/Cake/Controller/Controller.php(499): ReflectionMethod->invokeArgs(Object(MessagesController), Array)
#2 /Applications/XAMPP/xamppfiles/htdocs/messageboard/lib/Cake/Routing/Dispatcher.php(193): Controller->invokeAction(Object(CakeRequest))
#3 /Applications/XAMPP/xamppfiles/htdocs/messageboard/lib/Cake/Routing/Dispatcher.php(167): Dispatcher->_invoke(Object(MessagesController), Object(CakeRequest))
#4 /Applications/XAMPP/xamppfiles/htdocs/messageboard/app/webroot/index.php(117): Dispatcher->dispatch(Object(CakeRequest), Object(CakeResponse))
#5 {main}
2023-05-01 06:52:43 Error: [MissingControllerException] Controller class JsController could not be found.
Exception Attributes: array (
  'class' => 'JsController',
  'plugin' => NULL,
)
Request URL: /js/popper.min.js.map
Stack Trace:
#0 /Applications/XAMPP/xamppfiles/htdocs/messageboard/app/webroot/index.php(117): Dispatcher->dispatch(Object(CakeRequest), Object(CakeResponse))
#1 {main}
2023-05-01 06:52:43 Error: [MissingControllerException] Controller class CssController could not be found.
Exception Attributes: array (
  'class' => 'CssController',
  'plugin' => NULL,
)
Request URL: /css/bootstrap.min.css.map
Stack Trace:
#0 /Applications/XAMPP/xamppfiles/htdocs/messageboard/app/webroot/index.php(117): Dispatcher->dispatch(Object(CakeRequest), Object(CakeResponse))
#1 {main}
2023-05-01 06:52:43 Error: [MissingControllerException] Controller class JsController could not be found.
Exception Attributes: array (
  'class' => 'JsController',
  'plugin' => NULL,
)
Request URL: /js/bootstrap.min.js.map
Stack Trace:
#0 /Applications/XAMPP/xamppfiles/htdocs/messageboard/app/webroot/index.php(117): Dispatcher->dispatch(Object(CakeRequest), Object(CakeResponse))
#1 {main}
2023-05-01 06:53:01 Error: [Error] Call to a member function find() on null
Request URL: /messages
Stack Trace:
#0 [internal function]: MessagesController->index()
#1 /Applications/XAMPP/xamppfiles/htdocs/messageboard/lib/Cake/Controller/Controller.php(499): ReflectionMethod->invokeArgs(Object(MessagesController), Array)
#2 /Applications/XAMPP/xamppfiles/htdocs/messageboard/lib/Cake/Routing/Dispatcher.php(193): Controller->invokeAction(Object(CakeRequest))
#3 /Applications/XAMPP/xamppfiles/htdocs/messageboard/lib/Cake/Routing/Dispatcher.php(167): Dispatcher->_invoke(Object(MessagesController), Object(CakeRequest))
#4 /Applications/XAMPP/xamppfiles/htdocs/messageboard/app/webroot/index.php(117): Dispatcher->dispatch(Object(CakeRequest), Object(CakeResponse))
#5 {main}
2023-05-01 06:53:02 Error: [MissingControllerException] Controller class CssController could not be found.
Exception Attributes: array (
  'class' => 'CssController',
  'plugin' => NULL,
)
Request URL: /css/bootstrap.min.css.map
Stack Trace:
#0 /Applications/XAMPP/xamppfiles/htdocs/messageboard/app/webroot/index.php(117): Dispatcher->dispatch(Object(CakeRequest), Object(CakeResponse))
#1 {main}
2023-05-01 06:53:02 Error: [MissingControllerException] Controller class JsController could not be found.
Exception Attributes: array (
  'class' => 'JsController',
  'plugin' => NULL,
)
Request URL: /js/bootstrap.min.js.map
Stack Trace:
#0 /Applications/XAMPP/xamppfiles/htdocs/messageboard/app/webroot/index.php(117): Dispatcher->dispatch(Object(CakeRequest), Object(CakeResponse))
#1 {main}
2023-05-01 06:53:02 Error: [MissingControllerException] Controller class JsController could not be found.
Exception Attributes: array (
  'class' => 'JsController',
  'plugin' => NULL,
)
Request URL: /js/popper.min.js.map
Stack Trace:
#0 /Applications/XAMPP/xamppfiles/htdocs/messageboard/app/webroot/index.php(117): Dispatcher->dispatch(Object(CakeRequest), Object(CakeResponse))
#1 {main}
2023-05-01 06:53:23 Error: [MissingControllerException] Controller class CssController could not be found.
Exception Attributes: array (
  'class' => 'CssController',
  'plugin' => NULL,
)
Request URL: /css/bootstrap.min.css.map
Stack Trace:
#0 /Applications/XAMPP/xamppfiles/htdocs/messageboard/app/webroot/index.php(117): Dispatcher->dispatch(Object(CakeRequest), Object(CakeResponse))
#1 {main}
2023-05-01 06:53:23 Error: [MissingControllerException] Controller class JsController could not be found.
Exception Attributes: array (
  'class' => 'JsController',
  'plugin' => NULL,
)
Request URL: /js/popper.min.js.map
Stack Trace:
#0 /Applications/XAMPP/xamppfiles/htdocs/messageboard/app/webroot/index.php(117): Dispatcher->dispatch(Object(CakeRequest), Object(CakeResponse))
#1 {main}
2023-05-01 06:53:23 Error: [MissingControllerException] Controller class JsController could not be found.
Exception Attributes: array (
  'class' => 'JsController',
  'plugin' => NULL,
)
Request URL: /js/bootstrap.min.js.map
Stack Trace:
#0 /Applications/XAMPP/xamppfiles/htdocs/messageboard/app/webroot/index.php(117): Dispatcher->dispatch(Object(CakeRequest), Object(CakeResponse))
#1 {main}
2023-05-01 06:54:08 Error: [Error] Call to a member function find() on null
Request URL: /messages
Stack Trace:
#0 [internal function]: MessagesController->index()
#1 /Applications/XAMPP/xamppfiles/htdocs/messageboard/lib/Cake/Controller/Controller.php(499): ReflectionMethod->invokeArgs(Object(MessagesController), Array)
#2 /Applications/XAMPP/xamppfiles/htdocs/messageboard/lib/Cake/Routing/Dispatcher.php(193): Controller->invokeAction(Object(CakeRequest))
#3 /Applications/XAMPP/xamppfiles/htdocs/messageboard/lib/Cake/Routing/Dispatcher.php(167): Dispatcher->_invoke(Object(MessagesController), Object(CakeRequest))
#4 /Applications/XAMPP/xamppfiles/htdocs/messageboard/app/webroot/index.php(117): Dispatcher->dispatch(Object(CakeRequest), Object(CakeResponse))
#5 {main}
2023-05-01 06:54:08 Error: [MissingControllerException] Controller class CssController could not be found.
Exception Attributes: array (
  'class' => 'CssController',
  'plugin' => NULL,
)
Request URL: /css/bootstrap.min.css.map
Stack Trace:
#0 /Applications/XAMPP/xamppfiles/htdocs/messageboard/app/webroot/index.php(117): Dispatcher->dispatch(Object(CakeRequest), Object(CakeResponse))
#1 {main}
2023-05-01 06:54:08 Error: [MissingControllerException] Controller class JsController could not be found.
Exception Attributes: array (
  'class' => 'JsController',
  'plugin' => NULL,
)
Request URL: /js/bootstrap.min.js.map
Stack Trace:
#0 /Applications/XAMPP/xamppfiles/htdocs/messageboard/app/webroot/index.php(117): Dispatcher->dispatch(Object(CakeRequest), Object(CakeResponse))
#1 {main}
2023-05-01 06:54:08 Error: [MissingControllerException] Controller class JsController could not be found.
Exception Attributes: array (
  'class' => 'JsController',
  'plugin' => NULL,
)
Request URL: /js/popper.min.js.map
Stack Trace:
#0 /Applications/XAMPP/xamppfiles/htdocs/messageboard/app/webroot/index.php(117): Dispatcher->dispatch(Object(CakeRequest), Object(CakeResponse))
#1 {main}
2023-05-01 06:54:40 Error: [Error] Call to a member function find() on null
Request URL: /messages
Stack Trace:
#0 [internal function]: MessagesController->index()
#1 /Applications/XAMPP/xamppfiles/htdocs/messageboard/lib/Cake/Controller/Controller.php(499): ReflectionMethod->invokeArgs(Object(MessagesController), Array)
#2 /Applications/XAMPP/xamppfiles/htdocs/messageboard/lib/Cake/Routing/Dispatcher.php(193): Controller->invokeAction(Object(CakeRequest))
#3 /Applications/XAMPP/xamppfiles/htdocs/messageboard/lib/Cake/Routing/Dispatcher.php(167): Dispatcher->_invoke(Object(MessagesController), Object(CakeRequest))
#4 /Applications/XAMPP/xamppfiles/htdocs/messageboard/app/webroot/index.php(117): Dispatcher->dispatch(Object(CakeRequest), Object(CakeResponse))
#5 {main}
2023-05-01 06:54:40 Error: [MissingControllerException] Controller class CssController could not be found.
Exception Attributes: array (
  'class' => 'CssController',
  'plugin' => NULL,
)
Request URL: /css/bootstrap.min.css.map
Stack Trace:
#0 /Applications/XAMPP/xamppfiles/htdocs/messageboard/app/webroot/index.php(117): Dispatcher->dispatch(Object(CakeRequest), Object(CakeResponse))
#1 {main}
2023-05-01 06:54:40 Error: [MissingControllerException] Controller class JsController could not be found.
Exception Attributes: array (
  'class' => 'JsController',
  'plugin' => NULL,
)
Request URL: /js/popper.min.js.map
Stack Trace:
#0 /Applications/XAMPP/xamppfiles/htdocs/messageboard/app/webroot/index.php(117): Dispatcher->dispatch(Object(CakeRequest), Object(CakeResponse))
#1 {main}
2023-05-01 06:54:40 Error: [MissingControllerException] Controller class JsController could not be found.
Exception Attributes: array (
  'class' => 'JsController',
  'plugin' => NULL,
)
Request URL: /js/bootstrap.min.js.map
Stack Trace:
#0 /Applications/XAMPP/xamppfiles/htdocs/messageboard/app/webroot/index.php(117): Dispatcher->dispatch(Object(CakeRequest), Object(CakeResponse))
#1 {main}
2023-05-01 06:55:11 Error: [Error] Call to a member function find() on null
Request URL: /messages
Stack Trace:
#0 [internal function]: MessagesController->index()
#1 /Applications/XAMPP/xamppfiles/htdocs/messageboard/lib/Cake/Controller/Controller.php(499): ReflectionMethod->invokeArgs(Object(MessagesController), Array)
#2 /Applications/XAMPP/xamppfiles/htdocs/messageboard/lib/Cake/Routing/Dispatcher.php(193): Controller->invokeAction(Object(CakeRequest))
#3 /Applications/XAMPP/xamppfiles/htdocs/messageboard/lib/Cake/Routing/Dispatcher.php(167): Dispatcher->_invoke(Object(MessagesController), Object(CakeRequest))
#4 /Applications/XAMPP/xamppfiles/htdocs/messageboard/app/webroot/index.php(117): Dispatcher->dispatch(Object(CakeRequest), Object(CakeResponse))
#5 {main}
2023-05-01 06:55:11 Error: [MissingControllerException] Controller class CssController could not be found.
Exception Attributes: array (
  'class' => 'CssController',
  'plugin' => NULL,
)
Request URL: /css/bootstrap.min.css.map
Stack Trace:
#0 /Applications/XAMPP/xamppfiles/htdocs/messageboard/app/webroot/index.php(117): Dispatcher->dispatch(Object(CakeRequest), Object(CakeResponse))
#1 {main}
2023-05-01 06:55:11 Error: [MissingControllerException] Controller class JsController could not be found.
Exception Attributes: array (
  'class' => 'JsController',
  'plugin' => NULL,
)
Request URL: /js/popper.min.js.map
Stack Trace:
#0 /Applications/XAMPP/xamppfiles/htdocs/messageboard/app/webroot/index.php(117): Dispatcher->dispatch(Object(CakeRequest), Object(CakeResponse))
#1 {main}
2023-05-01 06:55:11 Error: [MissingControllerException] Controller class JsController could not be found.
Exception Attributes: array (
  'class' => 'JsController',
  'plugin' => NULL,
)
Request URL: /js/bootstrap.min.js.map
Stack Trace:
#0 /Applications/XAMPP/xamppfiles/htdocs/messageboard/app/webroot/index.php(117): Dispatcher->dispatch(Object(CakeRequest), Object(CakeResponse))
#1 {main}
2023-05-01 06:56:27 Error: [Error] Call to a member function find() on null
Request URL: /messages
Stack Trace:
#0 [internal function]: MessagesController->index()
#1 /Applications/XAMPP/xamppfiles/htdocs/messageboard/lib/Cake/Controller/Controller.php(499): ReflectionMethod->invokeArgs(Object(MessagesController), Array)
#2 /Applications/XAMPP/xamppfiles/htdocs/messageboard/lib/Cake/Routing/Dispatcher.php(193): Controller->invokeAction(Object(CakeRequest))
#3 /Applications/XAMPP/xamppfiles/htdocs/messageboard/lib/Cake/Routing/Dispatcher.php(167): Dispatcher->_invoke(Object(MessagesController), Object(CakeRequest))
#4 /Applications/XAMPP/xamppfiles/htdocs/messageboard/app/webroot/index.php(117): Dispatcher->dispatch(Object(CakeRequest), Object(CakeResponse))
#5 {main}
2023-05-01 06:56:27 Error: [MissingControllerException] Controller class CssController could not be found.
Exception Attributes: array (
  'class' => 'CssController',
  'plugin' => NULL,
)
Request URL: /css/bootstrap.min.css.map
Stack Trace:
#0 /Applications/XAMPP/xamppfiles/htdocs/messageboard/app/webroot/index.php(117): Dispatcher->dispatch(Object(CakeRequest), Object(CakeResponse))
#1 {main}
2023-05-01 06:56:27 Error: [MissingControllerException] Controller class JsController could not be found.
Exception Attributes: array (
  'class' => 'JsController',
  'plugin' => NULL,
)
Request URL: /js/bootstrap.min.js.map
Stack Trace:
#0 /Applications/XAMPP/xamppfiles/htdocs/messageboard/app/webroot/index.php(117): Dispatcher->dispatch(Object(CakeRequest), Object(CakeResponse))
#1 {main}
2023-05-01 06:56:27 Error: [MissingControllerException] Controller class JsController could not be found.
Exception Attributes: array (
  'class' => 'JsController',
  'plugin' => NULL,
)
Request URL: /js/popper.min.js.map
Stack Trace:
#0 /Applications/XAMPP/xamppfiles/htdocs/messageboard/app/webroot/index.php(117): Dispatcher->dispatch(Object(CakeRequest), Object(CakeResponse))
#1 {main}
2023-05-01 06:57:48 Error: [Error] Call to a member function findById() on null
Request URL: /messages
Stack Trace:
#0 [internal function]: MessagesController->index()
#1 /Applications/XAMPP/xamppfiles/htdocs/messageboard/lib/Cake/Controller/Controller.php(499): ReflectionMethod->invokeArgs(Object(MessagesController), Array)
#2 /Applications/XAMPP/xamppfiles/htdocs/messageboard/lib/Cake/Routing/Dispatcher.php(193): Controller->invokeAction(Object(CakeRequest))
#3 /Applications/XAMPP/xamppfiles/htdocs/messageboard/lib/Cake/Routing/Dispatcher.php(167): Dispatcher->_invoke(Object(MessagesController), Object(CakeRequest))
#4 /Applications/XAMPP/xamppfiles/htdocs/messageboard/app/webroot/index.php(117): Dispatcher->dispatch(Object(CakeRequest), Object(CakeResponse))
#5 {main}
2023-05-01 06:57:49 Error: [MissingControllerException] Controller class CssController could not be found.
Exception Attributes: array (
  'class' => 'CssController',
  'plugin' => NULL,
)
Request URL: /css/bootstrap.min.css.map
Stack Trace:
#0 /Applications/XAMPP/xamppfiles/htdocs/messageboard/app/webroot/index.php(117): Dispatcher->dispatch(Object(CakeRequest), Object(CakeResponse))
#1 {main}
2023-05-01 06:57:49 Error: [MissingControllerException] Controller class JsController could not be found.
Exception Attributes: array (
  'class' => 'JsController',
  'plugin' => NULL,
)
Request URL: /js/bootstrap.min.js.map
Stack Trace:
#0 /Applications/XAMPP/xamppfiles/htdocs/messageboard/app/webroot/index.php(117): Dispatcher->dispatch(Object(CakeRequest), Object(CakeResponse))
#1 {main}
2023-05-01 06:57:49 Error: [MissingControllerException] Controller class JsController could not be found.
Exception Attributes: array (
  'class' => 'JsController',
  'plugin' => NULL,
)
Request URL: /js/popper.min.js.map
Stack Trace:
#0 /Applications/XAMPP/xamppfiles/htdocs/messageboard/app/webroot/index.php(117): Dispatcher->dispatch(Object(CakeRequest), Object(CakeResponse))
#1 {main}
2023-05-01 06:58:06 Error: [Error] Call to a member function findById() on null
Request URL: /messages
Stack Trace:
#0 [internal function]: MessagesController->index()
#1 /Applications/XAMPP/xamppfiles/htdocs/messageboard/lib/Cake/Controller/Controller.php(499): ReflectionMethod->invokeArgs(Object(MessagesController), Array)
#2 /Applications/XAMPP/xamppfiles/htdocs/messageboard/lib/Cake/Routing/Dispatcher.php(193): Controller->invokeAction(Object(CakeRequest))
#3 /Applications/XAMPP/xamppfiles/htdocs/messageboard/lib/Cake/Routing/Dispatcher.php(167): Dispatcher->_invoke(Object(MessagesController), Object(CakeRequest))
#4 /Applications/XAMPP/xamppfiles/htdocs/messageboard/app/webroot/index.php(117): Dispatcher->dispatch(Object(CakeRequest), Object(CakeResponse))
#5 {main}
2023-05-01 06:58:06 Error: [MissingControllerException] Controller class JsController could not be found.
Exception Attributes: array (
  'class' => 'JsController',
  'plugin' => NULL,
)
Request URL: /js/bootstrap.min.js.map
Stack Trace:
#0 /Applications/XAMPP/xamppfiles/htdocs/messageboard/app/webroot/index.php(117): Dispatcher->dispatch(Object(CakeRequest), Object(CakeResponse))
#1 {main}
2023-05-01 06:58:06 Error: [MissingControllerException] Controller class CssController could not be found.
Exception Attributes: array (
  'class' => 'CssController',
  'plugin' => NULL,
)
Request URL: /css/bootstrap.min.css.map
Stack Trace:
#0 /Applications/XAMPP/xamppfiles/htdocs/messageboard/app/webroot/index.php(117): Dispatcher->dispatch(Object(CakeRequest), Object(CakeResponse))
#1 {main}
2023-05-01 06:58:06 Error: [MissingControllerException] Controller class JsController could not be found.
Exception Attributes: array (
  'class' => 'JsController',
  'plugin' => NULL,
)
Request URL: /js/popper.min.js.map
Stack Trace:
#0 /Applications/XAMPP/xamppfiles/htdocs/messageboard/app/webroot/index.php(117): Dispatcher->dispatch(Object(CakeRequest), Object(CakeResponse))
#1 {main}
2023-05-01 06:58:55 Error: [Error] Call to a member function find() on null
Request URL: /messages
Stack Trace:
#0 [internal function]: MessagesController->index()
#1 /Applications/XAMPP/xamppfiles/htdocs/messageboard/lib/Cake/Controller/Controller.php(499): ReflectionMethod->invokeArgs(Object(MessagesController), Array)
#2 /Applications/XAMPP/xamppfiles/htdocs/messageboard/lib/Cake/Routing/Dispatcher.php(193): Controller->invokeAction(Object(CakeRequest))
#3 /Applications/XAMPP/xamppfiles/htdocs/messageboard/lib/Cake/Routing/Dispatcher.php(167): Dispatcher->_invoke(Object(MessagesController), Object(CakeRequest))
#4 /Applications/XAMPP/xamppfiles/htdocs/messageboard/app/webroot/index.php(117): Dispatcher->dispatch(Object(CakeRequest), Object(CakeResponse))
#5 {main}
2023-05-01 06:58:56 Error: [MissingControllerException] Controller class CssController could not be found.
Exception Attributes: array (
  'class' => 'CssController',
  'plugin' => NULL,
)
Request URL: /css/bootstrap.min.css.map
Stack Trace:
#0 /Applications/XAMPP/xamppfiles/htdocs/messageboard/app/webroot/index.php(117): Dispatcher->dispatch(Object(CakeRequest), Object(CakeResponse))
#1 {main}
2023-05-01 06:58:56 Error: [MissingControllerException] Controller class JsController could not be found.
Exception Attributes: array (
  'class' => 'JsController',
  'plugin' => NULL,
)
Request URL: /js/bootstrap.min.js.map
Stack Trace:
#0 /Applications/XAMPP/xamppfiles/htdocs/messageboard/app/webroot/index.php(117): Dispatcher->dispatch(Object(CakeRequest), Object(CakeResponse))
#1 {main}
2023-05-01 06:58:56 Error: [MissingControllerException] Controller class JsController could not be found.
Exception Attributes: array (
  'class' => 'JsController',
  'plugin' => NULL,
)
Request URL: /js/popper.min.js.map
Stack Trace:
#0 /Applications/XAMPP/xamppfiles/htdocs/messageboard/app/webroot/index.php(117): Dispatcher->dispatch(Object(CakeRequest), Object(CakeResponse))
#1 {main}
2023-05-01 07:00:31 Error: [Error] Call to a member function find() on null
Request URL: /messages
Stack Trace:
#0 [internal function]: MessagesController->index()
#1 /Applications/XAMPP/xamppfiles/htdocs/messageboard/lib/Cake/Controller/Controller.php(499): ReflectionMethod->invokeArgs(Object(MessagesController), Array)
#2 /Applications/XAMPP/xamppfiles/htdocs/messageboard/lib/Cake/Routing/Dispatcher.php(193): Controller->invokeAction(Object(CakeRequest))
#3 /Applications/XAMPP/xamppfiles/htdocs/messageboard/lib/Cake/Routing/Dispatcher.php(167): Dispatcher->_invoke(Object(MessagesController), Object(CakeRequest))
#4 /Applications/XAMPP/xamppfiles/htdocs/messageboard/app/webroot/index.php(117): Dispatcher->dispatch(Object(CakeRequest), Object(CakeResponse))
#5 {main}
2023-05-01 07:00:32 Error: [MissingControllerException] Controller class CssController could not be found.
Exception Attributes: array (
  'class' => 'CssController',
  'plugin' => NULL,
)
Request URL: /css/bootstrap.min.css.map
Stack Trace:
#0 /Applications/XAMPP/xamppfiles/htdocs/messageboard/app/webroot/index.php(117): Dispatcher->dispatch(Object(CakeRequest), Object(CakeResponse))
#1 {main}
2023-05-01 07:00:32 Error: [MissingControllerException] Controller class JsController could not be found.
Exception Attributes: array (
  'class' => 'JsController',
  'plugin' => NULL,
)
Request URL: /js/popper.min.js.map
Stack Trace:
#0 /Applications/XAMPP/xamppfiles/htdocs/messageboard/app/webroot/index.php(117): Dispatcher->dispatch(Object(CakeRequest), Object(CakeResponse))
#1 {main}
2023-05-01 07:00:32 Error: [MissingControllerException] Controller class JsController could not be found.
Exception Attributes: array (
  'class' => 'JsController',
  'plugin' => NULL,
)
Request URL: /js/bootstrap.min.js.map
Stack Trace:
#0 /Applications/XAMPP/xamppfiles/htdocs/messageboard/app/webroot/index.php(117): Dispatcher->dispatch(Object(CakeRequest), Object(CakeResponse))
#1 {main}
2023-05-01 07:00:48 Error: [Error] Call to a member function find() on null
Request URL: /messages
Stack Trace:
#0 [internal function]: MessagesController->index()
#1 /Applications/XAMPP/xamppfiles/htdocs/messageboard/lib/Cake/Controller/Controller.php(499): ReflectionMethod->invokeArgs(Object(MessagesController), Array)
#2 /Applications/XAMPP/xamppfiles/htdocs/messageboard/lib/Cake/Routing/Dispatcher.php(193): Controller->invokeAction(Object(CakeRequest))
#3 /Applications/XAMPP/xamppfiles/htdocs/messageboard/lib/Cake/Routing/Dispatcher.php(167): Dispatcher->_invoke(Object(MessagesController), Object(CakeRequest))
#4 /Applications/XAMPP/xamppfiles/htdocs/messageboard/app/webroot/index.php(117): Dispatcher->dispatch(Object(CakeRequest), Object(CakeResponse))
#5 {main}
2023-05-01 07:00:49 Error: [MissingControllerException] Controller class CssController could not be found.
Exception Attributes: array (
  'class' => 'CssController',
  'plugin' => NULL,
)
Request URL: /css/bootstrap.min.css.map
Stack Trace:
#0 /Applications/XAMPP/xamppfiles/htdocs/messageboard/app/webroot/index.php(117): Dispatcher->dispatch(Object(CakeRequest), Object(CakeResponse))
#1 {main}
2023-05-01 07:00:49 Error: [MissingControllerException] Controller class JsController could not be found.
Exception Attributes: array (
  'class' => 'JsController',
  'plugin' => NULL,
)
Request URL: /js/popper.min.js.map
Stack Trace:
#0 /Applications/XAMPP/xamppfiles/htdocs/messageboard/app/webroot/index.php(117): Dispatcher->dispatch(Object(CakeRequest), Object(CakeResponse))
#1 {main}
2023-05-01 07:00:49 Error: [MissingControllerException] Controller class JsController could not be found.
Exception Attributes: array (
  'class' => 'JsController',
  'plugin' => NULL,
)
Request URL: /js/bootstrap.min.js.map
Stack Trace:
#0 /Applications/XAMPP/xamppfiles/htdocs/messageboard/app/webroot/index.php(117): Dispatcher->dispatch(Object(CakeRequest), Object(CakeResponse))
#1 {main}
2023-05-01 07:01:14 Error: [MissingTableException] Table messages for model Message was not found in datasource default.
Exception Attributes: array (
  'table' => 'messages',
  'class' => 'Message',
  'ds' => 'default',
)
Request URL: /messages
Stack Trace:
#0 /Applications/XAMPP/xamppfiles/htdocs/messageboard/lib/Cake/Model/Model.php(3686): Model->setSource('messages')
#1 /Applications/XAMPP/xamppfiles/htdocs/messageboard/lib/Cake/Model/Model.php(3053): Model->getDataSource()
#2 /Applications/XAMPP/xamppfiles/htdocs/messageboard/lib/Cake/Model/Model.php(3025): Model->_readDataSource('first', Array)
#3 /Applications/XAMPP/xamppfiles/htdocs/messageboard/app/Controller/MessagesController.php(12): Model->find('first')
#4 [internal function]: MessagesController->index()
#5 /Applications/XAMPP/xamppfiles/htdocs/messageboard/lib/Cake/Controller/Controller.php(499): ReflectionMethod->invokeArgs(Object(MessagesController), Array)
#6 /Applications/XAMPP/xamppfiles/htdocs/messageboard/lib/Cake/Routing/Dispatcher.php(193): Controller->invokeAction(Object(CakeRequest))
#7 /Applications/XAMPP/xamppfiles/htdocs/messageboard/lib/Cake/Routing/Dispatcher.php(167): Dispatcher->_invoke(Object(MessagesController), Object(CakeRequest))
#8 /Applications/XAMPP/xamppfiles/htdocs/messageboard/app/webroot/index.php(117): Dispatcher->dispatch(Object(CakeRequest), Object(CakeResponse))
#9 {main}
2023-05-01 07:01:14 Error: [MissingControllerException] Controller class CssController could not be found.
Exception Attributes: array (
  'class' => 'CssController',
  'plugin' => NULL,
)
Request URL: /css/bootstrap.min.css.map
Stack Trace:
#0 /Applications/XAMPP/xamppfiles/htdocs/messageboard/app/webroot/index.php(117): Dispatcher->dispatch(Object(CakeRequest), Object(CakeResponse))
#1 {main}
2023-05-01 07:01:14 Error: [MissingControllerException] Controller class JsController could not be found.
Exception Attributes: array (
  'class' => 'JsController',
  'plugin' => NULL,
)
Request URL: /js/popper.min.js.map
Stack Trace:
#0 /Applications/XAMPP/xamppfiles/htdocs/messageboard/app/webroot/index.php(117): Dispatcher->dispatch(Object(CakeRequest), Object(CakeResponse))
#1 {main}
2023-05-01 07:01:14 Error: [MissingControllerException] Controller class JsController could not be found.
Exception Attributes: array (
  'class' => 'JsController',
  'plugin' => NULL,
)
Request URL: /js/bootstrap.min.js.map
Stack Trace:
#0 /Applications/XAMPP/xamppfiles/htdocs/messageboard/app/webroot/index.php(117): Dispatcher->dispatch(Object(CakeRequest), Object(CakeResponse))
#1 {main}
2023-05-01 07:03:28 Error: [MissingTableException] Table messages for model Message was not found in datasource default.
Exception Attributes: array (
  'table' => 'messages',
  'class' => 'Message',
  'ds' => 'default',
)
Request URL: /messages
Stack Trace:
#0 /Applications/XAMPP/xamppfiles/htdocs/messageboard/lib/Cake/Model/Model.php(3686): Model->setSource('messages')
#1 /Applications/XAMPP/xamppfiles/htdocs/messageboard/lib/Cake/Model/Model.php(3053): Model->getDataSource()
#2 /Applications/XAMPP/xamppfiles/htdocs/messageboard/lib/Cake/Model/Model.php(3025): Model->_readDataSource('all', Array)
#3 /Applications/XAMPP/xamppfiles/htdocs/messageboard/app/Controller/MessagesController.php(11): Model->find('all')
#4 [internal function]: MessagesController->index()
#5 /Applications/XAMPP/xamppfiles/htdocs/messageboard/lib/Cake/Controller/Controller.php(499): ReflectionMethod->invokeArgs(Object(MessagesController), Array)
#6 /Applications/XAMPP/xamppfiles/htdocs/messageboard/lib/Cake/Routing/Dispatcher.php(193): Controller->invokeAction(Object(CakeRequest))
#7 /Applications/XAMPP/xamppfiles/htdocs/messageboard/lib/Cake/Routing/Dispatcher.php(167): Dispatcher->_invoke(Object(MessagesController), Object(CakeRequest))
#8 /Applications/XAMPP/xamppfiles/htdocs/messageboard/app/webroot/index.php(117): Dispatcher->dispatch(Object(CakeRequest), Object(CakeResponse))
#9 {main}
2023-05-01 07:03:28 Error: [MissingControllerException] Controller class CssController could not be found.
Exception Attributes: array (
  'class' => 'CssController',
  'plugin' => NULL,
)
Request URL: /css/bootstrap.min.css.map
Stack Trace:
#0 /Applications/XAMPP/xamppfiles/htdocs/messageboard/app/webroot/index.php(117): Dispatcher->dispatch(Object(CakeRequest), Object(CakeResponse))
#1 {main}
2023-05-01 07:03:28 Error: [MissingControllerException] Controller class JsController could not be found.
Exception Attributes: array (
  'class' => 'JsController',
  'plugin' => NULL,
)
Request URL: /js/bootstrap.min.js.map
Stack Trace:
#0 /Applications/XAMPP/xamppfiles/htdocs/messageboard/app/webroot/index.php(117): Dispatcher->dispatch(Object(CakeRequest), Object(CakeResponse))
#1 {main}
2023-05-01 07:03:28 Error: [MissingControllerException] Controller class JsController could not be found.
Exception Attributes: array (
  'class' => 'JsController',
  'plugin' => NULL,
)
Request URL: /js/popper.min.js.map
Stack Trace:
#0 /Applications/XAMPP/xamppfiles/htdocs/messageboard/app/webroot/index.php(117): Dispatcher->dispatch(Object(CakeRequest), Object(CakeResponse))
#1 {main}
2023-05-01 07:04:50 Error: [MissingTableException] Table messages for model Message was not found in datasource default.
Exception Attributes: array (
  'table' => 'messages',
  'class' => 'Message',
  'ds' => 'default',
)
Request URL: /messages
Stack Trace:
#0 /Applications/XAMPP/xamppfiles/htdocs/messageboard/lib/Cake/Model/Model.php(3686): Model->setSource('messages')
#1 /Applications/XAMPP/xamppfiles/htdocs/messageboard/lib/Cake/Model/Model.php(3053): Model->getDataSource()
#2 /Applications/XAMPP/xamppfiles/htdocs/messageboard/lib/Cake/Model/Model.php(3025): Model->_readDataSource('all', Array)
#3 /Applications/XAMPP/xamppfiles/htdocs/messageboard/app/Controller/MessagesController.php(11): Model->find('all')
#4 [internal function]: MessagesController->index()
#5 /Applications/XAMPP/xamppfiles/htdocs/messageboard/lib/Cake/Controller/Controller.php(499): ReflectionMethod->invokeArgs(Object(MessagesController), Array)
#6 /Applications/XAMPP/xamppfiles/htdocs/messageboard/lib/Cake/Routing/Dispatcher.php(193): Controller->invokeAction(Object(CakeRequest))
#7 /Applications/XAMPP/xamppfiles/htdocs/messageboard/lib/Cake/Routing/Dispatcher.php(167): Dispatcher->_invoke(Object(MessagesController), Object(CakeRequest))
#8 /Applications/XAMPP/xamppfiles/htdocs/messageboard/app/webroot/index.php(117): Dispatcher->dispatch(Object(CakeRequest), Object(CakeResponse))
#9 {main}
2023-05-01 07:04:50 Error: [MissingControllerException] Controller class CssController could not be found.
Exception Attributes: array (
  'class' => 'CssController',
  'plugin' => NULL,
)
Request URL: /css/bootstrap.min.css.map
Stack Trace:
#0 /Applications/XAMPP/xamppfiles/htdocs/messageboard/app/webroot/index.php(117): Dispatcher->dispatch(Object(CakeRequest), Object(CakeResponse))
#1 {main}
2023-05-01 07:04:50 Error: [MissingControllerException] Controller class JsController could not be found.
Exception Attributes: array (
  'class' => 'JsController',
  'plugin' => NULL,
)
Request URL: /js/popper.min.js.map
Stack Trace:
#0 /Applications/XAMPP/xamppfiles/htdocs/messageboard/app/webroot/index.php(117): Dispatcher->dispatch(Object(CakeRequest), Object(CakeResponse))
#1 {main}
2023-05-01 07:04:50 Error: [MissingControllerException] Controller class JsController could not be found.
Exception Attributes: array (
  'class' => 'JsController',
  'plugin' => NULL,
)
Request URL: /js/bootstrap.min.js.map
Stack Trace:
#0 /Applications/XAMPP/xamppfiles/htdocs/messageboard/app/webroot/index.php(117): Dispatcher->dispatch(Object(CakeRequest), Object(CakeResponse))
#1 {main}
2023-05-01 07:09:39 Error: [MissingTableException] Table messages for model Message was not found in datasource default.
Exception Attributes: array (
  'table' => 'messages',
  'class' => 'Message',
  'ds' => 'default',
)
Request URL: /messages
Stack Trace:
#0 /Applications/XAMPP/xamppfiles/htdocs/messageboard/lib/Cake/Model/Model.php(3686): Model->setSource('messages')
#1 /Applications/XAMPP/xamppfiles/htdocs/messageboard/lib/Cake/Model/Model.php(3053): Model->getDataSource()
#2 /Applications/XAMPP/xamppfiles/htdocs/messageboard/lib/Cake/Model/Model.php(3025): Model->_readDataSource('all', Array)
#3 /Applications/XAMPP/xamppfiles/htdocs/messageboard/app/Controller/MessagesController.php(11): Model->find('all')
#4 [internal function]: MessagesController->index()
#5 /Applications/XAMPP/xamppfiles/htdocs/messageboard/lib/Cake/Controller/Controller.php(499): ReflectionMethod->invokeArgs(Object(MessagesController), Array)
#6 /Applications/XAMPP/xamppfiles/htdocs/messageboard/lib/Cake/Routing/Dispatcher.php(193): Controller->invokeAction(Object(CakeRequest))
#7 /Applications/XAMPP/xamppfiles/htdocs/messageboard/lib/Cake/Routing/Dispatcher.php(167): Dispatcher->_invoke(Object(MessagesController), Object(CakeRequest))
#8 /Applications/XAMPP/xamppfiles/htdocs/messageboard/app/webroot/index.php(117): Dispatcher->dispatch(Object(CakeRequest), Object(CakeResponse))
#9 {main}
2023-05-01 07:09:39 Error: [MissingControllerException] Controller class CssController could not be found.
Exception Attributes: array (
  'class' => 'CssController',
  'plugin' => NULL,
)
Request URL: /css/bootstrap.min.css.map
Stack Trace:
#0 /Applications/XAMPP/xamppfiles/htdocs/messageboard/app/webroot/index.php(117): Dispatcher->dispatch(Object(CakeRequest), Object(CakeResponse))
#1 {main}
2023-05-01 07:09:39 Error: [MissingControllerException] Controller class JsController could not be found.
Exception Attributes: array (
  'class' => 'JsController',
  'plugin' => NULL,
)
Request URL: /js/popper.min.js.map
Stack Trace:
#0 /Applications/XAMPP/xamppfiles/htdocs/messageboard/app/webroot/index.php(117): Dispatcher->dispatch(Object(CakeRequest), Object(CakeResponse))
#1 {main}
2023-05-01 07:09:39 Error: [MissingControllerException] Controller class JsController could not be found.
Exception Attributes: array (
  'class' => 'JsController',
  'plugin' => NULL,
)
Request URL: /js/bootstrap.min.js.map
Stack Trace:
#0 /Applications/XAMPP/xamppfiles/htdocs/messageboard/app/webroot/index.php(117): Dispatcher->dispatch(Object(CakeRequest), Object(CakeResponse))
#1 {main}
2023-05-01 07:09:41 Error: [MissingControllerException] Controller class CssController could not be found.
Exception Attributes: array (
  'class' => 'CssController',
  'plugin' => NULL,
)
Request URL: /css/bootstrap.min.css.map
Stack Trace:
#0 /Applications/XAMPP/xamppfiles/htdocs/messageboard/app/webroot/index.php(117): Dispatcher->dispatch(Object(CakeRequest), Object(CakeResponse))
#1 {main}
2023-05-01 07:09:41 Error: [MissingControllerException] Controller class JsController could not be found.
Exception Attributes: array (
  'class' => 'JsController',
  'plugin' => NULL,
)
Request URL: /js/popper.min.js.map
Stack Trace:
#0 /Applications/XAMPP/xamppfiles/htdocs/messageboard/app/webroot/index.php(117): Dispatcher->dispatch(Object(CakeRequest), Object(CakeResponse))
#1 {main}
2023-05-01 07:09:41 Error: [MissingControllerException] Controller class JsController could not be found.
Exception Attributes: array (
  'class' => 'JsController',
  'plugin' => NULL,
)
Request URL: /js/bootstrap.min.js.map
Stack Trace:
#0 /Applications/XAMPP/xamppfiles/htdocs/messageboard/app/webroot/index.php(117): Dispatcher->dispatch(Object(CakeRequest), Object(CakeResponse))
#1 {main}
2023-05-01 07:09:50 Error: [MissingTableException] Table messages for model Message was not found in datasource default.
Exception Attributes: array (
  'table' => 'messages',
  'class' => 'Message',
  'ds' => 'default',
)
Request URL: /messages
Stack Trace:
#0 /Applications/XAMPP/xamppfiles/htdocs/messageboard/lib/Cake/Model/Model.php(3686): Model->setSource('messages')
#1 /Applications/XAMPP/xamppfiles/htdocs/messageboard/lib/Cake/Model/Model.php(3053): Model->getDataSource()
#2 /Applications/XAMPP/xamppfiles/htdocs/messageboard/lib/Cake/Model/Model.php(3025): Model->_readDataSource('all', Array)
#3 /Applications/XAMPP/xamppfiles/htdocs/messageboard/app/Controller/MessagesController.php(11): Model->find('all')
#4 [internal function]: MessagesController->index()
#5 /Applications/XAMPP/xamppfiles/htdocs/messageboard/lib/Cake/Controller/Controller.php(499): ReflectionMethod->invokeArgs(Object(MessagesController), Array)
#6 /Applications/XAMPP/xamppfiles/htdocs/messageboard/lib/Cake/Routing/Dispatcher.php(193): Controller->invokeAction(Object(CakeRequest))
#7 /Applications/XAMPP/xamppfiles/htdocs/messageboard/lib/Cake/Routing/Dispatcher.php(167): Dispatcher->_invoke(Object(MessagesController), Object(CakeRequest))
#8 /Applications/XAMPP/xamppfiles/htdocs/messageboard/app/webroot/index.php(117): Dispatcher->dispatch(Object(CakeRequest), Object(CakeResponse))
#9 {main}
2023-05-01 07:09:50 Error: [MissingControllerException] Controller class CssController could not be found.
Exception Attributes: array (
  'class' => 'CssController',
  'plugin' => NULL,
)
Request URL: /css/bootstrap.min.css.map
Stack Trace:
#0 /Applications/XAMPP/xamppfiles/htdocs/messageboard/app/webroot/index.php(117): Dispatcher->dispatch(Object(CakeRequest), Object(CakeResponse))
#1 {main}
2023-05-01 07:09:50 Error: [MissingControllerException] Controller class JsController could not be found.
Exception Attributes: array (
  'class' => 'JsController',
  'plugin' => NULL,
)
Request URL: /js/popper.min.js.map
Stack Trace:
#0 /Applications/XAMPP/xamppfiles/htdocs/messageboard/app/webroot/index.php(117): Dispatcher->dispatch(Object(CakeRequest), Object(CakeResponse))
#1 {main}
2023-05-01 07:09:50 Error: [MissingControllerException] Controller class JsController could not be found.
Exception Attributes: array (
  'class' => 'JsController',
  'plugin' => NULL,
)
Request URL: /js/bootstrap.min.js.map
Stack Trace:
#0 /Applications/XAMPP/xamppfiles/htdocs/messageboard/app/webroot/index.php(117): Dispatcher->dispatch(Object(CakeRequest), Object(CakeResponse))
#1 {main}
